<?xml version="1.0" encoding="UTF-8"?>
<TestRun id="28a60eb4-3eb7-403b-9687-17f93d1a52ac" name="Administrator@MSSQLSERVER 2021-06-18 18:19:41" runUser="MSSQLSERVER\Administrator" xmlns="http://microsoft.com/schemas/VisualStudio/TeamTest/2006">
  <TestRunConfiguration name="Local Test Run" id="33b21a9f-2c38-40b0-a855-2d51da190c94">
    <Description>This is a default test run configuration for a local test run.</Description>
    <Deployment runDeploymentRoot="C:\Users\Administrator\Documents\Visual Studio 2008\Projects\Rogowski_Hierarchy_Project\TestResults\Administrator_MSSQLSERVER 2021-06-18 18_19_41">
      <DeploymentItem filename="C:\Users\Administrator\Documents\Visual Studio 2008\Projects\Rogowski_Hierarchy_Project\Rogowski_Hierarchy_Project\bin\Debug\Rogowski_Hierarchy_Project.exe" />
    </Deployment>
    <TestTypeSpecific />
  </TestRunConfiguration>
  <ResultSummary outcome="Completed">
    <Counters total="13" executed="13" passed="13" error="0" failed="0" timeout="0" aborted="0" inconclusive="0" passedButRunAborted="0" notRunnable="0" notExecuted="0" disconnected="0" warning="0" completed="0" inProgress="0" pending="0" />
  </ResultSummary>
  <Times creation="2021-06-18T18:19:41.5840000+02:00" queuing="2021-06-18T18:19:41.8700000+02:00" start="2021-06-18T18:19:42.0220000+02:00" finish="2021-06-18T18:19:44.4180000+02:00" />
  <TestDefinitions>
    <UnitTest name="FindEmployeeTest_NonExistingEmployee" storage="c:\users\administrator\documents\visual studio 2008\projects\rogowski_hierarchy_project\testproject\bin\debug\testproject.dll" id="913415b4-c74d-3975-61d0-fedb4cd11d77">
      <Css projectStructure="" iteration="" />
      <Owners>
        <Owner name="" />
      </Owners>
      <Execution id="ced24465-180c-48fa-987c-3853dd5b9c77" />
      <TestMethod codeBase="C:\Users\Administrator\Documents\Visual Studio 2008\Projects\Rogowski_Hierarchy_Project\TestProject\bin\Debug\TestProject.dll" adapterTypeName="Microsoft.VisualStudio.TestTools.TestTypes.Unit.UnitTestAdapter, Microsoft.VisualStudio.QualityTools.Tips.UnitTest.Adapter, Version=9.0.0.0, Culture=neutral, PublicKeyToken=b03f5f7f11d50a3a" className="CompanyTest.UnitTests, TestProject" name="FindEmployeeTest_NonExistingEmployee" />
    </UnitTest>
    <UnitTest name="DisplayEmployeesWorkingForTest_ShouldHaveCount0" storage="c:\users\administrator\documents\visual studio 2008\projects\rogowski_hierarchy_project\testproject\bin\debug\testproject.dll" id="a3704cab-5d07-5363-053e-158f3665c4a3">
      <Css projectStructure="" iteration="" />
      <Owners>
        <Owner name="" />
      </Owners>
      <Execution id="3993cf88-5d50-4650-b7c5-fb39512feb8d" />
      <TestMethod codeBase="C:\Users\Administrator\Documents\Visual Studio 2008\Projects\Rogowski_Hierarchy_Project\TestProject\bin\Debug\TestProject.dll" adapterTypeName="Microsoft.VisualStudio.TestTools.TestTypes.Unit.UnitTestAdapter, Microsoft.VisualStudio.QualityTools.Tips.UnitTest.Adapter, Version=9.0.0.0, Culture=neutral, PublicKeyToken=b03f5f7f11d50a3a" className="CompanyTest.UnitTests, TestProject" name="DisplayEmployeesWorkingForTest_ShouldHaveCount0" />
    </UnitTest>
    <UnitTest name="DisplayEmployeesWorkingForTest_ShouldHaveCount1" storage="c:\users\administrator\documents\visual studio 2008\projects\rogowski_hierarchy_project\testproject\bin\debug\testproject.dll" id="ecd4b406-fd73-c07f-191b-e7d811ed80c2">
      <Css projectStructure="" iteration="" />
      <Owners>
        <Owner name="" />
      </Owners>
      <Execution id="6d67e83b-f8b7-4931-a38a-cdca2014bf36" />
      <TestMethod codeBase="C:\Users\Administrator\Documents\Visual Studio 2008\Projects\Rogowski_Hierarchy_Project\TestProject\bin\Debug\TestProject.dll" adapterTypeName="Microsoft.VisualStudio.TestTools.TestTypes.Unit.UnitTestAdapter, Microsoft.VisualStudio.QualityTools.Tips.UnitTest.Adapter, Version=9.0.0.0, Culture=neutral, PublicKeyToken=b03f5f7f11d50a3a" className="CompanyTest.UnitTests, TestProject" name="DisplayEmployeesWorkingForTest_ShouldHaveCount1" />
    </UnitTest>
    <UnitTest name="AddNewEmployeeTest_ShouldThrowSqlException" storage="c:\users\administrator\documents\visual studio 2008\projects\rogowski_hierarchy_project\testproject\bin\debug\testproject.dll" id="52341285-5549-ac3d-975d-0a59d459dc23">
      <Css projectStructure="" iteration="" />
      <Owners>
        <Owner name="" />
      </Owners>
      <Execution id="867155b3-7ba2-48ac-83d4-a09f57760dfe" />
      <TestMethod codeBase="C:\Users\Administrator\Documents\Visual Studio 2008\Projects\Rogowski_Hierarchy_Project\TestProject\bin\Debug\TestProject.dll" adapterTypeName="Microsoft.VisualStudio.TestTools.TestTypes.Unit.UnitTestAdapter, Microsoft.VisualStudio.QualityTools.Tips.UnitTest.Adapter, Version=9.0.0.0, Culture=neutral, PublicKeyToken=b03f5f7f11d50a3a" className="CompanyTest.UnitTests, TestProject" name="AddNewEmployeeTest_ShouldThrowSqlException" />
    </UnitTest>
    <UnitTest name="DisplayStatisticsForPathTest" storage="c:\users\administrator\documents\visual studio 2008\projects\rogowski_hierarchy_project\testproject\bin\debug\testproject.dll" id="cef19e69-ec75-e38e-edf0-18f16beed367">
      <Css projectStructure="" iteration="" />
      <Owners>
        <Owner name="" />
      </Owners>
      <Execution id="59bee11d-2fb2-439b-9533-b2ea9df45723" />
      <TestMethod codeBase="C:\Users\Administrator\Documents\Visual Studio 2008\Projects\Rogowski_Hierarchy_Project\TestProject\bin\Debug\TestProject.dll" adapterTypeName="Microsoft.VisualStudio.TestTools.TestTypes.Unit.UnitTestAdapter, Microsoft.VisualStudio.QualityTools.Tips.UnitTest.Adapter, Version=9.0.0.0, Culture=neutral, PublicKeyToken=b03f5f7f11d50a3a" className="CompanyTest.UnitTests, TestProject" name="DisplayStatisticsForPathTest" />
    </UnitTest>
    <UnitTest name="FindEmployeeWithSubordinatesTest_NonExistingEmployee" storage="c:\users\administrator\documents\visual studio 2008\projects\rogowski_hierarchy_project\testproject\bin\debug\testproject.dll" id="949a777a-6dcc-d287-735f-b9d28b2205fb">
      <Css projectStructure="" iteration="" />
      <Owners>
        <Owner name="" />
      </Owners>
      <Execution id="04ab95b2-a4f5-457c-a7e6-287848927fc8" />
      <TestMethod codeBase="C:\Users\Administrator\Documents\Visual Studio 2008\Projects\Rogowski_Hierarchy_Project\TestProject\bin\Debug\TestProject.dll" adapterTypeName="Microsoft.VisualStudio.TestTools.TestTypes.Unit.UnitTestAdapter, Microsoft.VisualStudio.QualityTools.Tips.UnitTest.Adapter, Version=9.0.0.0, Culture=neutral, PublicKeyToken=b03f5f7f11d50a3a" className="CompanyTest.UnitTests, TestProject" name="FindEmployeeWithSubordinatesTest_NonExistingEmployee" />
    </UnitTest>
    <UnitTest name="DisplayEmployeesWorkingForTest_ShouldHaveCount3" storage="c:\users\administrator\documents\visual studio 2008\projects\rogowski_hierarchy_project\testproject\bin\debug\testproject.dll" id="c3e63fa0-8c54-6e24-57db-8177c057d64c">
      <Css projectStructure="" iteration="" />
      <Owners>
        <Owner name="" />
      </Owners>
      <Execution id="963c727a-758e-43c5-8dda-b9a35358ce61" />
      <TestMethod codeBase="C:\Users\Administrator\Documents\Visual Studio 2008\Projects\Rogowski_Hierarchy_Project\TestProject\bin\Debug\TestProject.dll" adapterTypeName="Microsoft.VisualStudio.TestTools.TestTypes.Unit.UnitTestAdapter, Microsoft.VisualStudio.QualityTools.Tips.UnitTest.Adapter, Version=9.0.0.0, Culture=neutral, PublicKeyToken=b03f5f7f11d50a3a" className="CompanyTest.UnitTests, TestProject" name="DisplayEmployeesWorkingForTest_ShouldHaveCount3" />
    </UnitTest>
    <UnitTest name="FindEmployeeWithSubordinatesTest_ExistingEmployee" storage="c:\users\administrator\documents\visual studio 2008\projects\rogowski_hierarchy_project\testproject\bin\debug\testproject.dll" id="b87028b3-ebd5-a96d-a962-481adeda8187">
      <Css projectStructure="" iteration="" />
      <Owners>
        <Owner name="" />
      </Owners>
      <Execution id="01f86a6d-8aeb-4d12-9856-fa8f9fb68df8" />
      <TestMethod codeBase="C:\Users\Administrator\Documents\Visual Studio 2008\Projects\Rogowski_Hierarchy_Project\TestProject\bin\Debug\TestProject.dll" adapterTypeName="Microsoft.VisualStudio.TestTools.TestTypes.Unit.UnitTestAdapter, Microsoft.VisualStudio.QualityTools.Tips.UnitTest.Adapter, Version=9.0.0.0, Culture=neutral, PublicKeyToken=b03f5f7f11d50a3a" className="CompanyTest.UnitTests, TestProject" name="FindEmployeeWithSubordinatesTest_ExistingEmployee" />
    </UnitTest>
    <UnitTest name="AddNewEmployeeTest_Right" storage="c:\users\administrator\documents\visual studio 2008\projects\rogowski_hierarchy_project\testproject\bin\debug\testproject.dll" id="55e76044-6fc2-5b1f-bc89-5efb924c6935">
      <Css projectStructure="" iteration="" />
      <Owners>
        <Owner name="" />
      </Owners>
      <Execution id="2596f0bf-c019-4c17-addd-342246737858" />
      <TestMethod codeBase="C:\Users\Administrator\Documents\Visual Studio 2008\Projects\Rogowski_Hierarchy_Project\TestProject\bin\Debug\TestProject.dll" adapterTypeName="Microsoft.VisualStudio.TestTools.TestTypes.Unit.UnitTestAdapter, Microsoft.VisualStudio.QualityTools.Tips.UnitTest.Adapter, Version=9.0.0.0, Culture=neutral, PublicKeyToken=b03f5f7f11d50a3a" className="CompanyTest.UnitTests, TestProject" name="AddNewEmployeeTest_Right" />
    </UnitTest>
    <UnitTest name="DisplayStatisticsForLevelTest" storage="c:\users\administrator\documents\visual studio 2008\projects\rogowski_hierarchy_project\testproject\bin\debug\testproject.dll" id="e820ed2a-e529-553a-c59c-2db869663514">
      <Css projectStructure="" iteration="" />
      <Owners>
        <Owner name="" />
      </Owners>
      <Execution id="5e9631f7-1714-4684-a421-1fe1a38c65a9" />
      <TestMethod codeBase="C:\Users\Administrator\Documents\Visual Studio 2008\Projects\Rogowski_Hierarchy_Project\TestProject\bin\Debug\TestProject.dll" adapterTypeName="Microsoft.VisualStudio.TestTools.TestTypes.Unit.UnitTestAdapter, Microsoft.VisualStudio.QualityTools.Tips.UnitTest.Adapter, Version=9.0.0.0, Culture=neutral, PublicKeyToken=b03f5f7f11d50a3a" className="CompanyTest.UnitTests, TestProject" name="DisplayStatisticsForLevelTest" />
    </UnitTest>
    <UnitTest name="FindEmployeeTest_ExistingEmployee" storage="c:\users\administrator\documents\visual studio 2008\projects\rogowski_hierarchy_project\testproject\bin\debug\testproject.dll" id="af6cbc71-8fa2-5fe4-07e3-0e1a7174a482">
      <Css projectStructure="" iteration="" />
      <Owners>
        <Owner name="" />
      </Owners>
      <Execution id="15a104c6-05fa-4394-b85c-497658686ffa" />
      <TestMethod codeBase="C:\Users\Administrator\Documents\Visual Studio 2008\Projects\Rogowski_Hierarchy_Project\TestProject\bin\Debug\TestProject.dll" adapterTypeName="Microsoft.VisualStudio.TestTools.TestTypes.Unit.UnitTestAdapter, Microsoft.VisualStudio.QualityTools.Tips.UnitTest.Adapter, Version=9.0.0.0, Culture=neutral, PublicKeyToken=b03f5f7f11d50a3a" className="CompanyTest.UnitTests, TestProject" name="FindEmployeeTest_ExistingEmployee" />
    </UnitTest>
    <UnitTest name="Z_DeleteEmployeeTest" storage="c:\users\administrator\documents\visual studio 2008\projects\rogowski_hierarchy_project\testproject\bin\debug\testproject.dll" id="e4aa875b-126f-48d1-c4dc-24dd4bd5908a">
      <Css projectStructure="" iteration="" />
      <Owners>
        <Owner name="" />
      </Owners>
      <Execution id="a84bba41-2e5c-45a6-839f-f28887376560" />
      <TestMethod codeBase="C:\Users\Administrator\Documents\Visual Studio 2008\Projects\Rogowski_Hierarchy_Project\TestProject\bin\Debug\TestProject.dll" adapterTypeName="Microsoft.VisualStudio.TestTools.TestTypes.Unit.UnitTestAdapter, Microsoft.VisualStudio.QualityTools.Tips.UnitTest.Adapter, Version=9.0.0.0, Culture=neutral, PublicKeyToken=b03f5f7f11d50a3a" className="CompanyTest.UnitTests, TestProject" name="Z_DeleteEmployeeTest" />
    </UnitTest>
    <UnitTest name="AA_LoadAllEmployeesTest_ShouldHaveCount11" storage="c:\users\administrator\documents\visual studio 2008\projects\rogowski_hierarchy_project\testproject\bin\debug\testproject.dll" id="38b36908-0a55-4f2d-8c66-bb497565a1d1">
      <Css projectStructure="" iteration="" />
      <Owners>
        <Owner name="" />
      </Owners>
      <Execution id="be9c062f-90be-4cec-8708-deaf35196aa5" />
      <TestMethod codeBase="C:\Users\Administrator\Documents\Visual Studio 2008\Projects\Rogowski_Hierarchy_Project\TestProject\bin\Debug\TestProject.dll" adapterTypeName="Microsoft.VisualStudio.TestTools.TestTypes.Unit.UnitTestAdapter, Microsoft.VisualStudio.QualityTools.Tips.UnitTest.Adapter, Version=9.0.0.0, Culture=neutral, PublicKeyToken=b03f5f7f11d50a3a" className="CompanyTest.UnitTests, TestProject" name="AA_LoadAllEmployeesTest_ShouldHaveCount11" />
    </UnitTest>
  </TestDefinitions>
  <TestLists>
    <TestList name="Results Not in a List" id="8c84fa94-04c1-424b-9868-57a2d4851a1d" />
    <TestList name="All Loaded Results" id="19431567-8539-422a-85d7-44ee4e166bda" />
  </TestLists>
  <TestEntries>
    <TestEntry testId="38b36908-0a55-4f2d-8c66-bb497565a1d1" executionId="be9c062f-90be-4cec-8708-deaf35196aa5" testListId="8c84fa94-04c1-424b-9868-57a2d4851a1d" />
    <TestEntry testId="52341285-5549-ac3d-975d-0a59d459dc23" executionId="867155b3-7ba2-48ac-83d4-a09f57760dfe" testListId="8c84fa94-04c1-424b-9868-57a2d4851a1d" />
    <TestEntry testId="55e76044-6fc2-5b1f-bc89-5efb924c6935" executionId="2596f0bf-c019-4c17-addd-342246737858" testListId="8c84fa94-04c1-424b-9868-57a2d4851a1d" />
    <TestEntry testId="913415b4-c74d-3975-61d0-fedb4cd11d77" executionId="ced24465-180c-48fa-987c-3853dd5b9c77" testListId="8c84fa94-04c1-424b-9868-57a2d4851a1d" />
    <TestEntry testId="949a777a-6dcc-d287-735f-b9d28b2205fb" executionId="04ab95b2-a4f5-457c-a7e6-287848927fc8" testListId="8c84fa94-04c1-424b-9868-57a2d4851a1d" />
    <TestEntry testId="a3704cab-5d07-5363-053e-158f3665c4a3" executionId="3993cf88-5d50-4650-b7c5-fb39512feb8d" testListId="8c84fa94-04c1-424b-9868-57a2d4851a1d" />
    <TestEntry testId="af6cbc71-8fa2-5fe4-07e3-0e1a7174a482" executionId="15a104c6-05fa-4394-b85c-497658686ffa" testListId="8c84fa94-04c1-424b-9868-57a2d4851a1d" />
    <TestEntry testId="b87028b3-ebd5-a96d-a962-481adeda8187" executionId="01f86a6d-8aeb-4d12-9856-fa8f9fb68df8" testListId="8c84fa94-04c1-424b-9868-57a2d4851a1d" />
    <TestEntry testId="c3e63fa0-8c54-6e24-57db-8177c057d64c" executionId="963c727a-758e-43c5-8dda-b9a35358ce61" testListId="8c84fa94-04c1-424b-9868-57a2d4851a1d" />
    <TestEntry testId="cef19e69-ec75-e38e-edf0-18f16beed367" executionId="59bee11d-2fb2-439b-9533-b2ea9df45723" testListId="8c84fa94-04c1-424b-9868-57a2d4851a1d" />
    <TestEntry testId="e4aa875b-126f-48d1-c4dc-24dd4bd5908a" executionId="a84bba41-2e5c-45a6-839f-f28887376560" testListId="8c84fa94-04c1-424b-9868-57a2d4851a1d" />
    <TestEntry testId="e820ed2a-e529-553a-c59c-2db869663514" executionId="5e9631f7-1714-4684-a421-1fe1a38c65a9" testListId="8c84fa94-04c1-424b-9868-57a2d4851a1d" />
    <TestEntry testId="ecd4b406-fd73-c07f-191b-e7d811ed80c2" executionId="6d67e83b-f8b7-4931-a38a-cdca2014bf36" testListId="8c84fa94-04c1-424b-9868-57a2d4851a1d" />
  </TestEntries>
  <Results>
    <UnitTestResult executionId="be9c062f-90be-4cec-8708-deaf35196aa5" testId="38b36908-0a55-4f2d-8c66-bb497565a1d1" testName="AA_LoadAllEmployeesTest_ShouldHaveCount11" computerName="MSSQLSERVER" duration="00:00:00.0078005" startTime="2021-06-18T18:19:42.0690000+02:00" endTime="2021-06-18T18:19:42.5870000+02:00" testType="13cdc9d9-ddb5-4fa4-a97d-d965ccfc6d4b" outcome="Passed" testListId="8c84fa94-04c1-424b-9868-57a2d4851a1d">
      <Output>
      </Output>
    </UnitTestResult>
    <UnitTestResult executionId="867155b3-7ba2-48ac-83d4-a09f57760dfe" testId="52341285-5549-ac3d-975d-0a59d459dc23" testName="AddNewEmployeeTest_ShouldThrowSqlException" computerName="MSSQLSERVER" duration="00:00:00.0023754" startTime="2021-06-18T18:19:42.5910000+02:00" endTime="2021-06-18T18:19:42.5960000+02:00" testType="13cdc9d9-ddb5-4fa4-a97d-d965ccfc6d4b" outcome="Passed" testListId="8c84fa94-04c1-424b-9868-57a2d4851a1d">
      <Output>
      </Output>
    </UnitTestResult>
    <UnitTestResult executionId="2596f0bf-c019-4c17-addd-342246737858" testId="55e76044-6fc2-5b1f-bc89-5efb924c6935" testName="AddNewEmployeeTest_Right" computerName="MSSQLSERVER" duration="00:00:00.0029696" startTime="2021-06-18T18:19:42.5990000+02:00" endTime="2021-06-18T18:19:42.6060000+02:00" testType="13cdc9d9-ddb5-4fa4-a97d-d965ccfc6d4b" outcome="Passed" testListId="8c84fa94-04c1-424b-9868-57a2d4851a1d">
      <Output>
      </Output>
    </UnitTestResult>
    <UnitTestResult executionId="ced24465-180c-48fa-987c-3853dd5b9c77" testId="913415b4-c74d-3975-61d0-fedb4cd11d77" testName="FindEmployeeTest_NonExistingEmployee" computerName="MSSQLSERVER" duration="00:00:00.0025328" startTime="2021-06-18T18:19:42.6080000+02:00" endTime="2021-06-18T18:19:42.6140000+02:00" testType="13cdc9d9-ddb5-4fa4-a97d-d965ccfc6d4b" outcome="Passed" testListId="8c84fa94-04c1-424b-9868-57a2d4851a1d">
      <Output>
        <StdOut>Legend:
	L - Level
	WS - Working since [year]
	WF - Working for [in years]


Path     L    Name                      Position                             WS      WF  Salary $
-------------------------------------------------------------------------------------------------</StdOut>
      </Output>
    </UnitTestResult>
    <UnitTestResult executionId="04ab95b2-a4f5-457c-a7e6-287848927fc8" testId="949a777a-6dcc-d287-735f-b9d28b2205fb" testName="FindEmployeeWithSubordinatesTest_NonExistingEmployee" computerName="MSSQLSERVER" duration="00:00:00.0022231" startTime="2021-06-18T18:19:42.6160000+02:00" endTime="2021-06-18T18:19:42.6220000+02:00" testType="13cdc9d9-ddb5-4fa4-a97d-d965ccfc6d4b" outcome="Passed" testListId="8c84fa94-04c1-424b-9868-57a2d4851a1d">
      <Output>
        <StdOut>Legend:
	L - Level
	WS - Working since [year]
	WF - Working for [in years]


Path     L    Name                      Position                             WS      WF  Salary $
-------------------------------------------------------------------------------------------------</StdOut>
      </Output>
    </UnitTestResult>
    <UnitTestResult executionId="3993cf88-5d50-4650-b7c5-fb39512feb8d" testId="a3704cab-5d07-5363-053e-158f3665c4a3" testName="DisplayEmployeesWorkingForTest_ShouldHaveCount0" computerName="MSSQLSERVER" duration="00:00:00.0024189" startTime="2021-06-18T18:19:42.6240000+02:00" endTime="2021-06-18T18:19:42.6300000+02:00" testType="13cdc9d9-ddb5-4fa4-a97d-d965ccfc6d4b" outcome="Passed" testListId="8c84fa94-04c1-424b-9868-57a2d4851a1d">
      <Output>
        <StdOut>Displaying employees working for more than 20 years

Legend:
	L - Level
	WS - Working since [year]
	WF - Working for [in years]


Path     L    Name                      Position                             WS      WF  Salary $
-------------------------------------------------------------------------------------------------</StdOut>
      </Output>
    </UnitTestResult>
    <UnitTestResult executionId="15a104c6-05fa-4394-b85c-497658686ffa" testId="af6cbc71-8fa2-5fe4-07e3-0e1a7174a482" testName="FindEmployeeTest_ExistingEmployee" computerName="MSSQLSERVER" duration="00:00:00.0024341" startTime="2021-06-18T18:19:42.6320000+02:00" endTime="2021-06-18T18:19:42.6380000+02:00" testType="13cdc9d9-ddb5-4fa4-a97d-d965ccfc6d4b" outcome="Passed" testListId="8c84fa94-04c1-424b-9868-57a2d4851a1d">
      <Output>
        <StdOut>Legend:
	L - Level
	WS - Working since [year]
	WF - Working for [in years]


Path     L    Name                      Position                             WS      WF  Salary $
-------------------------------------------------------------------------------------------------
/1/      1    Billie Eilish             Financial Manager                  2015       6      8000</StdOut>
      </Output>
    </UnitTestResult>
    <UnitTestResult executionId="01f86a6d-8aeb-4d12-9856-fa8f9fb68df8" testId="b87028b3-ebd5-a96d-a962-481adeda8187" testName="FindEmployeeWithSubordinatesTest_ExistingEmployee" computerName="MSSQLSERVER" duration="00:00:00.0014739" startTime="2021-06-18T18:19:42.6400000+02:00" endTime="2021-06-18T18:19:42.6450000+02:00" testType="13cdc9d9-ddb5-4fa4-a97d-d965ccfc6d4b" outcome="Passed" testListId="8c84fa94-04c1-424b-9868-57a2d4851a1d">
      <Output>
        <StdOut>Legend:
	L - Level
	WS - Working since [year]
	WF - Working for [in years]


Path     L    Name                      Position                             WS      WF  Salary $
-------------------------------------------------------------------------------------------------
/4/      1    Ebba Tove Elsa Nilsson    Technical Manager                  2013       8      7000
/4/1/    2    Alma-Sofia Miettinen      Technical Senior Manager           2016       5      6000
/4/1/1/  3    Zara Maria Larsson        Technical Assistant Manager        2016       5      4000</StdOut>
      </Output>
    </UnitTestResult>
    <UnitTestResult executionId="963c727a-758e-43c5-8dda-b9a35358ce61" testId="c3e63fa0-8c54-6e24-57db-8177c057d64c" testName="DisplayEmployeesWorkingForTest_ShouldHaveCount3" computerName="MSSQLSERVER" duration="00:00:00.0013124" startTime="2021-06-18T18:19:42.6480000+02:00" endTime="2021-06-18T18:19:42.6520000+02:00" testType="13cdc9d9-ddb5-4fa4-a97d-d965ccfc6d4b" outcome="Passed" testListId="8c84fa94-04c1-424b-9868-57a2d4851a1d">
      <Output>
        <StdOut>Displaying employees working for less than 6 years

Legend:
	L - Level
	WS - Working since [year]
	WF - Working for [in years]


Path     L    Name                      Position                             WS      WF  Salary $
-------------------------------------------------------------------------------------------------
/2/1/2/  3    Josh Taylor               HR Assistnant                      2018       3      2200
/4/1/    2    Alma-Sofia Miettinen      Technical Senior Manager           2016       5      6000
/4/1/1/  3    Zara Maria Larsson        Technical Assistant Manager        2016       5      4000</StdOut>
      </Output>
    </UnitTestResult>
    <UnitTestResult executionId="59bee11d-2fb2-439b-9533-b2ea9df45723" testId="cef19e69-ec75-e38e-edf0-18f16beed367" testName="DisplayStatisticsForPathTest" computerName="MSSQLSERVER" duration="00:00:00.0022778" startTime="2021-06-18T18:19:42.6540000+02:00" endTime="2021-06-18T18:19:42.6590000+02:00" testType="13cdc9d9-ddb5-4fa4-a97d-d965ccfc6d4b" outcome="Passed" testListId="8c84fa94-04c1-424b-9868-57a2d4851a1d">
      <Output>
      </Output>
    </UnitTestResult>
    <UnitTestResult executionId="a84bba41-2e5c-45a6-839f-f28887376560" testId="e4aa875b-126f-48d1-c4dc-24dd4bd5908a" testName="Z_DeleteEmployeeTest" computerName="MSSQLSERVER" duration="00:00:00.0038439" startTime="2021-06-18T18:19:42.6620000+02:00" endTime="2021-06-18T18:19:42.6690000+02:00" testType="13cdc9d9-ddb5-4fa4-a97d-d965ccfc6d4b" outcome="Passed" testListId="8c84fa94-04c1-424b-9868-57a2d4851a1d">
      <Output>
      </Output>
    </UnitTestResult>
    <UnitTestResult executionId="5e9631f7-1714-4684-a421-1fe1a38c65a9" testId="e820ed2a-e529-553a-c59c-2db869663514" testName="DisplayStatisticsForLevelTest" computerName="MSSQLSERVER" duration="00:00:00.0025082" startTime="2021-06-18T18:19:42.6720000+02:00" endTime="2021-06-18T18:19:42.6780000+02:00" testType="13cdc9d9-ddb5-4fa4-a97d-d965ccfc6d4b" outcome="Passed" testListId="8c84fa94-04c1-424b-9868-57a2d4851a1d">
      <Output>
      </Output>
    </UnitTestResult>
    <UnitTestResult executionId="6d67e83b-f8b7-4931-a38a-cdca2014bf36" testId="ecd4b406-fd73-c07f-191b-e7d811ed80c2" testName="DisplayEmployeesWorkingForTest_ShouldHaveCount1" computerName="MSSQLSERVER" duration="00:00:00.0014841" startTime="2021-06-18T18:19:42.6800000+02:00" endTime="2021-06-18T18:19:42.6850000+02:00" testType="13cdc9d9-ddb5-4fa4-a97d-d965ccfc6d4b" outcome="Passed" testListId="8c84fa94-04c1-424b-9868-57a2d4851a1d">
      <Output>
        <StdOut>Displaying employees working for exactly 11 years

Legend:
	L - Level
	WS - Working since [year]
	WF - Working for [in years]


Path     L    Name                      Position                             WS      WF  Salary $
-------------------------------------------------------------------------------------------------
/2/      1    Tyler Joseph              HR Manager                         2010      11      7000</StdOut>
      </Output>
    </UnitTestResult>
  </Results>
</TestRun>