<?xml version="1.0" encoding="UTF-8"?>
<TestRun id="59016c04-5051-4179-a932-35a84d77102e" name="Administrator@MSSQLSERVER 2021-06-18 18:12:51" runUser="MSSQLSERVER\Administrator" xmlns="http://microsoft.com/schemas/VisualStudio/TeamTest/2006">
  <TestRunConfiguration name="Local Test Run" id="33b21a9f-2c38-40b0-a855-2d51da190c94">
    <Description>This is a default test run configuration for a local test run.</Description>
    <Deployment runDeploymentRoot="C:\Users\Administrator\Documents\Visual Studio 2008\Projects\Rogowski_Hierarchy_Project\TestResults\Administrator_MSSQLSERVER 2021-06-18 18_12_51">
      <DeploymentItem filename="C:\Users\Administrator\Documents\Visual Studio 2008\Projects\Rogowski_Hierarchy_Project\Rogowski_Hierarchy_Project\bin\Debug\Rogowski_Hierarchy_Project.exe" />
    </Deployment>
    <TestTypeSpecific />
  </TestRunConfiguration>
  <ResultSummary outcome="Error">
    <Counters total="14" executed="14" passed="12" error="1" failed="1" timeout="0" aborted="0" inconclusive="0" passedButRunAborted="0" notRunnable="0" notExecuted="0" disconnected="0" warning="0" completed="0" inProgress="0" pending="0" />
  </ResultSummary>
  <Times creation="2021-06-18T18:12:51.7470000+02:00" queuing="2021-06-18T18:12:54.1570000+02:00" start="2021-06-18T18:12:54.7300000+02:00" finish="2021-06-18T18:12:55.9380000+02:00" />
  <TestDefinitions>
    <UnitTest name="FindEmployeeTest_NonExistingEmployee" storage="c:\users\administrator\documents\visual studio 2008\projects\rogowski_hierarchy_project\testproject\bin\debug\testproject.dll" id="913415b4-c74d-3975-61d0-fedb4cd11d77">
      <Css projectStructure="" iteration="" />
      <Owners>
        <Owner name="" />
      </Owners>
      <Execution id="eb453bf8-93e7-4813-b057-b51c35f167c0" />
      <TestMethod codeBase="C:\Users\Administrator\Documents\Visual Studio 2008\Projects\Rogowski_Hierarchy_Project\TestProject\bin\Debug\TestProject.dll" adapterTypeName="Microsoft.VisualStudio.TestTools.TestTypes.Unit.UnitTestAdapter, Microsoft.VisualStudio.QualityTools.Tips.UnitTest.Adapter, Version=9.0.0.0, Culture=neutral, PublicKeyToken=b03f5f7f11d50a3a" className="CompanyTest.UnitTests, TestProject" name="FindEmployeeTest_NonExistingEmployee" />
    </UnitTest>
    <UnitTest name="DisplayEmployeesWorkingForTest_ShouldHaveCount0" storage="c:\users\administrator\documents\visual studio 2008\projects\rogowski_hierarchy_project\testproject\bin\debug\testproject.dll" id="a3704cab-5d07-5363-053e-158f3665c4a3">
      <Css projectStructure="" iteration="" />
      <Owners>
        <Owner name="" />
      </Owners>
      <Execution id="da6758de-83cc-4189-89a4-0b9c5505f4bc" />
      <TestMethod codeBase="C:\Users\Administrator\Documents\Visual Studio 2008\Projects\Rogowski_Hierarchy_Project\TestProject\bin\Debug\TestProject.dll" adapterTypeName="Microsoft.VisualStudio.TestTools.TestTypes.Unit.UnitTestAdapter, Microsoft.VisualStudio.QualityTools.Tips.UnitTest.Adapter, Version=9.0.0.0, Culture=neutral, PublicKeyToken=b03f5f7f11d50a3a" className="CompanyTest.UnitTests, TestProject" name="DisplayEmployeesWorkingForTest_ShouldHaveCount0" />
    </UnitTest>
    <UnitTest name="DisplayEmployeesWorkingForTest_ShouldHaveCount1" storage="c:\users\administrator\documents\visual studio 2008\projects\rogowski_hierarchy_project\testproject\bin\debug\testproject.dll" id="ecd4b406-fd73-c07f-191b-e7d811ed80c2">
      <Css projectStructure="" iteration="" />
      <Owners>
        <Owner name="" />
      </Owners>
      <Execution id="e4564983-5c0f-431d-97f8-ece09db570bc" />
      <TestMethod codeBase="C:\Users\Administrator\Documents\Visual Studio 2008\Projects\Rogowski_Hierarchy_Project\TestProject\bin\Debug\TestProject.dll" adapterTypeName="Microsoft.VisualStudio.TestTools.TestTypes.Unit.UnitTestAdapter, Microsoft.VisualStudio.QualityTools.Tips.UnitTest.Adapter, Version=9.0.0.0, Culture=neutral, PublicKeyToken=b03f5f7f11d50a3a" className="CompanyTest.UnitTests, TestProject" name="DisplayEmployeesWorkingForTest_ShouldHaveCount1" />
    </UnitTest>
    <UnitTest name="DisplayEmployeesWorkingForTest_ShouldHaveCount3" storage="c:\users\administrator\documents\visual studio 2008\projects\rogowski_hierarchy_project\testproject\bin\debug\testproject.dll" id="c3e63fa0-8c54-6e24-57db-8177c057d64c">
      <Css projectStructure="" iteration="" />
      <Owners>
        <Owner name="" />
      </Owners>
      <Execution id="c262d4e8-a464-429d-9a3a-ec341f78d7c8" />
      <TestMethod codeBase="C:\Users\Administrator\Documents\Visual Studio 2008\Projects\Rogowski_Hierarchy_Project\TestProject\bin\Debug\TestProject.dll" adapterTypeName="Microsoft.VisualStudio.TestTools.TestTypes.Unit.UnitTestAdapter, Microsoft.VisualStudio.QualityTools.Tips.UnitTest.Adapter, Version=9.0.0.0, Culture=neutral, PublicKeyToken=b03f5f7f11d50a3a" className="CompanyTest.UnitTests, TestProject" name="DisplayEmployeesWorkingForTest_ShouldHaveCount3" />
    </UnitTest>
    <UnitTest name="AddNewEmployeeTest_ShouldThrowSqlException" storage="c:\users\administrator\documents\visual studio 2008\projects\rogowski_hierarchy_project\testproject\bin\debug\testproject.dll" id="52341285-5549-ac3d-975d-0a59d459dc23">
      <Css projectStructure="" iteration="" />
      <Owners>
        <Owner name="" />
      </Owners>
      <Execution id="6aab5283-7265-4fac-85f3-ff0d51cbf1fa" />
      <TestMethod codeBase="C:\Users\Administrator\Documents\Visual Studio 2008\Projects\Rogowski_Hierarchy_Project\TestProject\bin\Debug\TestProject.dll" adapterTypeName="Microsoft.VisualStudio.TestTools.TestTypes.Unit.UnitTestAdapter, Microsoft.VisualStudio.QualityTools.Tips.UnitTest.Adapter, Version=9.0.0.0, Culture=neutral, PublicKeyToken=b03f5f7f11d50a3a" className="CompanyTest.UnitTests, TestProject" name="AddNewEmployeeTest_ShouldThrowSqlException" />
    </UnitTest>
    <UnitTest name="DisplayStatisticsForPathTest" storage="c:\users\administrator\documents\visual studio 2008\projects\rogowski_hierarchy_project\testproject\bin\debug\testproject.dll" id="cef19e69-ec75-e38e-edf0-18f16beed367">
      <Css projectStructure="" iteration="" />
      <Owners>
        <Owner name="" />
      </Owners>
      <Execution id="ca386255-9fc8-421c-86ab-338698ca6a8c" />
      <TestMethod codeBase="C:\Users\Administrator\Documents\Visual Studio 2008\Projects\Rogowski_Hierarchy_Project\TestProject\bin\Debug\TestProject.dll" adapterTypeName="Microsoft.VisualStudio.TestTools.TestTypes.Unit.UnitTestAdapter, Microsoft.VisualStudio.QualityTools.Tips.UnitTest.Adapter, Version=9.0.0.0, Culture=neutral, PublicKeyToken=b03f5f7f11d50a3a" className="CompanyTest.UnitTests, TestProject" name="DisplayStatisticsForPathTest" />
    </UnitTest>
    <UnitTest name="FindEmployeeWithSubordinatesTest_NonExistingEmployee" storage="c:\users\administrator\documents\visual studio 2008\projects\rogowski_hierarchy_project\testproject\bin\debug\testproject.dll" id="949a777a-6dcc-d287-735f-b9d28b2205fb">
      <Css projectStructure="" iteration="" />
      <Owners>
        <Owner name="" />
      </Owners>
      <Execution id="9a2a153b-1e49-4def-b2f0-c855f457fcf2" />
      <TestMethod codeBase="C:\Users\Administrator\Documents\Visual Studio 2008\Projects\Rogowski_Hierarchy_Project\TestProject\bin\Debug\TestProject.dll" adapterTypeName="Microsoft.VisualStudio.TestTools.TestTypes.Unit.UnitTestAdapter, Microsoft.VisualStudio.QualityTools.Tips.UnitTest.Adapter, Version=9.0.0.0, Culture=neutral, PublicKeyToken=b03f5f7f11d50a3a" className="CompanyTest.UnitTests, TestProject" name="FindEmployeeWithSubordinatesTest_NonExistingEmployee" />
    </UnitTest>
    <UnitTest name="DeleteEmployeeTest_ShouldThrowException" storage="c:\users\administrator\documents\visual studio 2008\projects\rogowski_hierarchy_project\testproject\bin\debug\testproject.dll" id="172b2b4b-cba0-47ac-cab9-7a48c152bbc7">
      <Css projectStructure="" iteration="" />
      <Owners>
        <Owner name="" />
      </Owners>
      <Execution id="52dc4d45-7da5-43f2-871e-11aaf8f7a047" />
      <TestMethod codeBase="C:\Users\Administrator\Documents\Visual Studio 2008\Projects\Rogowski_Hierarchy_Project\TestProject\bin\Debug\TestProject.dll" adapterTypeName="Microsoft.VisualStudio.TestTools.TestTypes.Unit.UnitTestAdapter, Microsoft.VisualStudio.QualityTools.Tips.UnitTest.Adapter, Version=9.0.0.0, Culture=neutral, PublicKeyToken=b03f5f7f11d50a3a" className="CompanyTest.UnitTests, TestProject" name="DeleteEmployeeTest_ShouldThrowException" />
    </UnitTest>
    <UnitTest name="FindEmployeeWithSubordinatesTest_ExistingEmployee" storage="c:\users\administrator\documents\visual studio 2008\projects\rogowski_hierarchy_project\testproject\bin\debug\testproject.dll" id="b87028b3-ebd5-a96d-a962-481adeda8187">
      <Css projectStructure="" iteration="" />
      <Owners>
        <Owner name="" />
      </Owners>
      <Execution id="42fde06f-2377-47eb-a3e5-9b6c0ace6565" />
      <TestMethod codeBase="C:\Users\Administrator\Documents\Visual Studio 2008\Projects\Rogowski_Hierarchy_Project\TestProject\bin\Debug\TestProject.dll" adapterTypeName="Microsoft.VisualStudio.TestTools.TestTypes.Unit.UnitTestAdapter, Microsoft.VisualStudio.QualityTools.Tips.UnitTest.Adapter, Version=9.0.0.0, Culture=neutral, PublicKeyToken=b03f5f7f11d50a3a" className="CompanyTest.UnitTests, TestProject" name="FindEmployeeWithSubordinatesTest_ExistingEmployee" />
    </UnitTest>
    <UnitTest name="AddNewEmployeeTest_Right" storage="c:\users\administrator\documents\visual studio 2008\projects\rogowski_hierarchy_project\testproject\bin\debug\testproject.dll" id="55e76044-6fc2-5b1f-bc89-5efb924c6935">
      <Css projectStructure="" iteration="" />
      <Owners>
        <Owner name="" />
      </Owners>
      <Execution id="57df998e-4e83-4ffb-9463-bdb6450acebc" />
      <TestMethod codeBase="C:\Users\Administrator\Documents\Visual Studio 2008\Projects\Rogowski_Hierarchy_Project\TestProject\bin\Debug\TestProject.dll" adapterTypeName="Microsoft.VisualStudio.TestTools.TestTypes.Unit.UnitTestAdapter, Microsoft.VisualStudio.QualityTools.Tips.UnitTest.Adapter, Version=9.0.0.0, Culture=neutral, PublicKeyToken=b03f5f7f11d50a3a" className="CompanyTest.UnitTests, TestProject" name="AddNewEmployeeTest_Right" />
    </UnitTest>
    <UnitTest name="DeleteEmployeeTest" storage="c:\users\administrator\documents\visual studio 2008\projects\rogowski_hierarchy_project\testproject\bin\debug\testproject.dll" id="1f38e7a1-404b-3569-4b7b-82fd8b0c949e">
      <Css projectStructure="" iteration="" />
      <Owners>
        <Owner name="" />
      </Owners>
      <Execution id="72f0b4c1-0a58-4aa2-abe6-12ede3fb0a01" />
      <TestMethod codeBase="C:\Users\Administrator\Documents\Visual Studio 2008\Projects\Rogowski_Hierarchy_Project\TestProject\bin\Debug\TestProject.dll" adapterTypeName="Microsoft.VisualStudio.TestTools.TestTypes.Unit.UnitTestAdapter, Microsoft.VisualStudio.QualityTools.Tips.UnitTest.Adapter, Version=9.0.0.0, Culture=neutral, PublicKeyToken=b03f5f7f11d50a3a" className="CompanyTest.UnitTests, TestProject" name="DeleteEmployeeTest" />
    </UnitTest>
    <UnitTest name="DisplayStatisticsForLevelTest" storage="c:\users\administrator\documents\visual studio 2008\projects\rogowski_hierarchy_project\testproject\bin\debug\testproject.dll" id="e820ed2a-e529-553a-c59c-2db869663514">
      <Css projectStructure="" iteration="" />
      <Owners>
        <Owner name="" />
      </Owners>
      <Execution id="963278dd-1dcd-42e1-95c1-df7e580c600c" />
      <TestMethod codeBase="C:\Users\Administrator\Documents\Visual Studio 2008\Projects\Rogowski_Hierarchy_Project\TestProject\bin\Debug\TestProject.dll" adapterTypeName="Microsoft.VisualStudio.TestTools.TestTypes.Unit.UnitTestAdapter, Microsoft.VisualStudio.QualityTools.Tips.UnitTest.Adapter, Version=9.0.0.0, Culture=neutral, PublicKeyToken=b03f5f7f11d50a3a" className="CompanyTest.UnitTests, TestProject" name="DisplayStatisticsForLevelTest" />
    </UnitTest>
    <UnitTest name="FindEmployeeTest_ExistingEmployee" storage="c:\users\administrator\documents\visual studio 2008\projects\rogowski_hierarchy_project\testproject\bin\debug\testproject.dll" id="af6cbc71-8fa2-5fe4-07e3-0e1a7174a482">
      <Css projectStructure="" iteration="" />
      <Owners>
        <Owner name="" />
      </Owners>
      <Execution id="a3c74c0d-d362-44d7-80ae-3d4c484365cd" />
      <TestMethod codeBase="C:\Users\Administrator\Documents\Visual Studio 2008\Projects\Rogowski_Hierarchy_Project\TestProject\bin\Debug\TestProject.dll" adapterTypeName="Microsoft.VisualStudio.TestTools.TestTypes.Unit.UnitTestAdapter, Microsoft.VisualStudio.QualityTools.Tips.UnitTest.Adapter, Version=9.0.0.0, Culture=neutral, PublicKeyToken=b03f5f7f11d50a3a" className="CompanyTest.UnitTests, TestProject" name="FindEmployeeTest_ExistingEmployee" />
    </UnitTest>
    <UnitTest name="AA_LoadAllEmployeesTest_ShouldHaveCount11" storage="c:\users\administrator\documents\visual studio 2008\projects\rogowski_hierarchy_project\testproject\bin\debug\testproject.dll" id="38b36908-0a55-4f2d-8c66-bb497565a1d1">
      <Css projectStructure="" iteration="" />
      <Owners>
        <Owner name="" />
      </Owners>
      <Execution id="549e5f8d-4099-4faf-957a-06bc9c272dc1" />
      <TestMethod codeBase="C:\Users\Administrator\Documents\Visual Studio 2008\Projects\Rogowski_Hierarchy_Project\TestProject\bin\Debug\TestProject.dll" adapterTypeName="Microsoft.VisualStudio.TestTools.TestTypes.Unit.UnitTestAdapter, Microsoft.VisualStudio.QualityTools.Tips.UnitTest.Adapter, Version=9.0.0.0, Culture=neutral, PublicKeyToken=b03f5f7f11d50a3a" className="CompanyTest.UnitTests, TestProject" name="AA_LoadAllEmployeesTest_ShouldHaveCount11" />
    </UnitTest>
  </TestDefinitions>
  <TestLists>
    <TestList name="Results Not in a List" id="8c84fa94-04c1-424b-9868-57a2d4851a1d" />
    <TestList name="All Loaded Results" id="19431567-8539-422a-85d7-44ee4e166bda" />
  </TestLists>
  <TestEntries>
    <TestEntry testId="172b2b4b-cba0-47ac-cab9-7a48c152bbc7" executionId="52dc4d45-7da5-43f2-871e-11aaf8f7a047" testListId="8c84fa94-04c1-424b-9868-57a2d4851a1d" />
    <TestEntry testId="1f38e7a1-404b-3569-4b7b-82fd8b0c949e" executionId="72f0b4c1-0a58-4aa2-abe6-12ede3fb0a01" testListId="8c84fa94-04c1-424b-9868-57a2d4851a1d" />
    <TestEntry testId="38b36908-0a55-4f2d-8c66-bb497565a1d1" executionId="549e5f8d-4099-4faf-957a-06bc9c272dc1" testListId="8c84fa94-04c1-424b-9868-57a2d4851a1d" />
    <TestEntry testId="52341285-5549-ac3d-975d-0a59d459dc23" executionId="6aab5283-7265-4fac-85f3-ff0d51cbf1fa" testListId="8c84fa94-04c1-424b-9868-57a2d4851a1d" />
    <TestEntry testId="55e76044-6fc2-5b1f-bc89-5efb924c6935" executionId="57df998e-4e83-4ffb-9463-bdb6450acebc" testListId="8c84fa94-04c1-424b-9868-57a2d4851a1d" />
    <TestEntry testId="913415b4-c74d-3975-61d0-fedb4cd11d77" executionId="eb453bf8-93e7-4813-b057-b51c35f167c0" testListId="8c84fa94-04c1-424b-9868-57a2d4851a1d" />
    <TestEntry testId="949a777a-6dcc-d287-735f-b9d28b2205fb" executionId="9a2a153b-1e49-4def-b2f0-c855f457fcf2" testListId="8c84fa94-04c1-424b-9868-57a2d4851a1d" />
    <TestEntry testId="a3704cab-5d07-5363-053e-158f3665c4a3" executionId="da6758de-83cc-4189-89a4-0b9c5505f4bc" testListId="8c84fa94-04c1-424b-9868-57a2d4851a1d" />
    <TestEntry testId="af6cbc71-8fa2-5fe4-07e3-0e1a7174a482" executionId="a3c74c0d-d362-44d7-80ae-3d4c484365cd" testListId="8c84fa94-04c1-424b-9868-57a2d4851a1d" />
    <TestEntry testId="b87028b3-ebd5-a96d-a962-481adeda8187" executionId="42fde06f-2377-47eb-a3e5-9b6c0ace6565" testListId="8c84fa94-04c1-424b-9868-57a2d4851a1d" />
    <TestEntry testId="c3e63fa0-8c54-6e24-57db-8177c057d64c" executionId="c262d4e8-a464-429d-9a3a-ec341f78d7c8" testListId="8c84fa94-04c1-424b-9868-57a2d4851a1d" />
    <TestEntry testId="cef19e69-ec75-e38e-edf0-18f16beed367" executionId="ca386255-9fc8-421c-86ab-338698ca6a8c" testListId="8c84fa94-04c1-424b-9868-57a2d4851a1d" />
    <TestEntry testId="e820ed2a-e529-553a-c59c-2db869663514" executionId="963278dd-1dcd-42e1-95c1-df7e580c600c" testListId="8c84fa94-04c1-424b-9868-57a2d4851a1d" />
    <TestEntry testId="ecd4b406-fd73-c07f-191b-e7d811ed80c2" executionId="e4564983-5c0f-431d-97f8-ece09db570bc" testListId="8c84fa94-04c1-424b-9868-57a2d4851a1d" />
  </TestEntries>
  <Results>
    <UnitTestResult executionId="52dc4d45-7da5-43f2-871e-11aaf8f7a047" testId="172b2b4b-cba0-47ac-cab9-7a48c152bbc7" testName="DeleteEmployeeTest_ShouldThrowException" computerName="MSSQLSERVER" duration="00:00:00" startTime="2021-06-18T18:12:55.0530000+02:00" endTime="2021-06-18T18:12:55.3280000+02:00" testType="13cdc9d9-ddb5-4fa4-a97d-d965ccfc6d4b" outcome="Error" testListId="8c84fa94-04c1-424b-9868-57a2d4851a1d">
      <Output>
        <ErrorInfo>
          <Message>UTA017: CompanyTest.UnitTests.DeleteEmployeeTest_ShouldThrowException has invalid ExpectedException attribute. The type must inherit from Exception.</Message>
        </ErrorInfo>
      </Output>
    </UnitTestResult>
    <UnitTestResult executionId="72f0b4c1-0a58-4aa2-abe6-12ede3fb0a01" testId="1f38e7a1-404b-3569-4b7b-82fd8b0c949e" testName="DeleteEmployeeTest" computerName="MSSQLSERVER" duration="00:00:00.0212107" startTime="2021-06-18T18:12:55.3330000+02:00" endTime="2021-06-18T18:12:55.5060000+02:00" testType="13cdc9d9-ddb5-4fa4-a97d-d965ccfc6d4b" outcome="Failed" testListId="8c84fa94-04c1-424b-9868-57a2d4851a1d">
      <Output>
        <ErrorInfo>
          <Message>Test method CompanyTest.UnitTests.DeleteEmployeeTest threw exception:  System.Exception: Such employee does not exist.</Message>
          <StackTrace>    w Rogowski_Hierarchy_Project.Company.DeleteEmployee(String Path) w C:\Users\Administrator\Documents\Visual Studio 2008\Projects\Rogowski_Hierarchy_Project\Rogowski_Hierarchy_Project\Company.cs:wiersz 193
   w CompanyTest.UnitTests.DeleteEmployeeTest() w C:\Users\Administrator\Documents\Visual Studio 2008\Projects\Rogowski_Hierarchy_Project\TestProject\UnitTests.cs:wiersz 66
</StackTrace>
        </ErrorInfo>
      </Output>
    </UnitTestResult>
    <UnitTestResult executionId="549e5f8d-4099-4faf-957a-06bc9c272dc1" testId="38b36908-0a55-4f2d-8c66-bb497565a1d1" testName="AA_LoadAllEmployeesTest_ShouldHaveCount11" computerName="MSSQLSERVER" duration="00:00:00.0132667" startTime="2021-06-18T18:12:55.5180000+02:00" endTime="2021-06-18T18:12:55.5350000+02:00" testType="13cdc9d9-ddb5-4fa4-a97d-d965ccfc6d4b" outcome="Passed" testListId="8c84fa94-04c1-424b-9868-57a2d4851a1d">
      <Output>
      </Output>
    </UnitTestResult>
    <UnitTestResult executionId="6aab5283-7265-4fac-85f3-ff0d51cbf1fa" testId="52341285-5549-ac3d-975d-0a59d459dc23" testName="AddNewEmployeeTest_ShouldThrowSqlException" computerName="MSSQLSERVER" duration="00:00:00.0047436" startTime="2021-06-18T18:12:55.5380000+02:00" endTime="2021-06-18T18:12:55.5470000+02:00" testType="13cdc9d9-ddb5-4fa4-a97d-d965ccfc6d4b" outcome="Passed" testListId="8c84fa94-04c1-424b-9868-57a2d4851a1d">
      <Output>
      </Output>
    </UnitTestResult>
    <UnitTestResult executionId="57df998e-4e83-4ffb-9463-bdb6450acebc" testId="55e76044-6fc2-5b1f-bc89-5efb924c6935" testName="AddNewEmployeeTest_Right" computerName="MSSQLSERVER" duration="00:00:00.0074183" startTime="2021-06-18T18:12:55.5490000+02:00" endTime="2021-06-18T18:12:55.5600000+02:00" testType="13cdc9d9-ddb5-4fa4-a97d-d965ccfc6d4b" outcome="Passed" testListId="8c84fa94-04c1-424b-9868-57a2d4851a1d">
      <Output>
      </Output>
    </UnitTestResult>
    <UnitTestResult executionId="eb453bf8-93e7-4813-b057-b51c35f167c0" testId="913415b4-c74d-3975-61d0-fedb4cd11d77" testName="FindEmployeeTest_NonExistingEmployee" computerName="MSSQLSERVER" duration="00:00:00.0066506" startTime="2021-06-18T18:12:55.5630000+02:00" endTime="2021-06-18T18:12:55.5870000+02:00" testType="13cdc9d9-ddb5-4fa4-a97d-d965ccfc6d4b" outcome="Passed" testListId="8c84fa94-04c1-424b-9868-57a2d4851a1d">
      <Output>
        <StdOut>Legend:
	L - Level
	WS - Working since [year]
	WF - Working for [in years]


Path     L    Name                      Position                             WS      WF  Salary $
-------------------------------------------------------------------------------------------------</StdOut>
      </Output>
    </UnitTestResult>
    <UnitTestResult executionId="9a2a153b-1e49-4def-b2f0-c855f457fcf2" testId="949a777a-6dcc-d287-735f-b9d28b2205fb" testName="FindEmployeeWithSubordinatesTest_NonExistingEmployee" computerName="MSSQLSERVER" duration="00:00:00.0062285" startTime="2021-06-18T18:12:55.5900000+02:00" endTime="2021-06-18T18:12:55.6000000+02:00" testType="13cdc9d9-ddb5-4fa4-a97d-d965ccfc6d4b" outcome="Passed" testListId="8c84fa94-04c1-424b-9868-57a2d4851a1d">
      <Output>
        <StdOut>Legend:
	L - Level
	WS - Working since [year]
	WF - Working for [in years]


Path     L    Name                      Position                             WS      WF  Salary $
-------------------------------------------------------------------------------------------------</StdOut>
      </Output>
    </UnitTestResult>
    <UnitTestResult executionId="da6758de-83cc-4189-89a4-0b9c5505f4bc" testId="a3704cab-5d07-5363-053e-158f3665c4a3" testName="DisplayEmployeesWorkingForTest_ShouldHaveCount0" computerName="MSSQLSERVER" duration="00:00:00.0029455" startTime="2021-06-18T18:12:55.6030000+02:00" endTime="2021-06-18T18:12:55.6080000+02:00" testType="13cdc9d9-ddb5-4fa4-a97d-d965ccfc6d4b" outcome="Passed" testListId="8c84fa94-04c1-424b-9868-57a2d4851a1d">
      <Output>
        <StdOut>Displaying employees working for more than 20 years

Legend:
	L - Level
	WS - Working since [year]
	WF - Working for [in years]


Path     L    Name                      Position                             WS      WF  Salary $
-------------------------------------------------------------------------------------------------</StdOut>
      </Output>
    </UnitTestResult>
    <UnitTestResult executionId="a3c74c0d-d362-44d7-80ae-3d4c484365cd" testId="af6cbc71-8fa2-5fe4-07e3-0e1a7174a482" testName="FindEmployeeTest_ExistingEmployee" computerName="MSSQLSERVER" duration="00:00:00.0178679" startTime="2021-06-18T18:12:55.6110000+02:00" endTime="2021-06-18T18:12:55.6320000+02:00" testType="13cdc9d9-ddb5-4fa4-a97d-d965ccfc6d4b" outcome="Passed" testListId="8c84fa94-04c1-424b-9868-57a2d4851a1d">
      <Output>
        <StdOut>Legend:
	L - Level
	WS - Working since [year]
	WF - Working for [in years]


Path     L    Name                      Position                             WS      WF  Salary $
-------------------------------------------------------------------------------------------------
/1/      1    Billie Eilish             Financial Manager                  2015       6      8000</StdOut>
      </Output>
    </UnitTestResult>
    <UnitTestResult executionId="42fde06f-2377-47eb-a3e5-9b6c0ace6565" testId="b87028b3-ebd5-a96d-a962-481adeda8187" testName="FindEmployeeWithSubordinatesTest_ExistingEmployee" computerName="MSSQLSERVER" duration="00:00:00.0051610" startTime="2021-06-18T18:12:55.6350000+02:00" endTime="2021-06-18T18:12:55.6430000+02:00" testType="13cdc9d9-ddb5-4fa4-a97d-d965ccfc6d4b" outcome="Passed" testListId="8c84fa94-04c1-424b-9868-57a2d4851a1d">
      <Output>
        <StdOut>Legend:
	L - Level
	WS - Working since [year]
	WF - Working for [in years]


Path     L    Name                      Position                             WS      WF  Salary $
-------------------------------------------------------------------------------------------------
/4/      1    Ebba Tove Elsa Nilsson    Technical Manager                  2013       8      7000
/4/1/    2    Alma-Sofia Miettinen      Technical Senior Manager           2016       5      6000
/4/1/1/  3    Zara Maria Larsson        Technical Assistant Manager        2016       5      4000</StdOut>
      </Output>
    </UnitTestResult>
    <UnitTestResult executionId="c262d4e8-a464-429d-9a3a-ec341f78d7c8" testId="c3e63fa0-8c54-6e24-57db-8177c057d64c" testName="DisplayEmployeesWorkingForTest_ShouldHaveCount3" computerName="MSSQLSERVER" duration="00:00:00.0014884" startTime="2021-06-18T18:12:55.6460000+02:00" endTime="2021-06-18T18:12:55.6500000+02:00" testType="13cdc9d9-ddb5-4fa4-a97d-d965ccfc6d4b" outcome="Passed" testListId="8c84fa94-04c1-424b-9868-57a2d4851a1d">
      <Output>
        <StdOut>Displaying employees working for less than 6 years

Legend:
	L - Level
	WS - Working since [year]
	WF - Working for [in years]


Path     L    Name                      Position                             WS      WF  Salary $
-------------------------------------------------------------------------------------------------
/2/1/2/  3    Josh Taylor               HR Assistnant                      2018       3      2200
/4/1/    2    Alma-Sofia Miettinen      Technical Senior Manager           2016       5      6000
/4/1/1/  3    Zara Maria Larsson        Technical Assistant Manager        2016       5      4000</StdOut>
      </Output>
    </UnitTestResult>
    <UnitTestResult executionId="ca386255-9fc8-421c-86ab-338698ca6a8c" testId="cef19e69-ec75-e38e-edf0-18f16beed367" testName="DisplayStatisticsForPathTest" computerName="MSSQLSERVER" duration="00:00:00.0069022" startTime="2021-06-18T18:12:55.6530000+02:00" endTime="2021-06-18T18:12:55.6630000+02:00" testType="13cdc9d9-ddb5-4fa4-a97d-d965ccfc6d4b" outcome="Passed" testListId="8c84fa94-04c1-424b-9868-57a2d4851a1d">
      <Output>
      </Output>
    </UnitTestResult>
    <UnitTestResult executionId="963278dd-1dcd-42e1-95c1-df7e580c600c" testId="e820ed2a-e529-553a-c59c-2db869663514" testName="DisplayStatisticsForLevelTest" computerName="MSSQLSERVER" duration="00:00:00.0121534" startTime="2021-06-18T18:12:55.6660000+02:00" endTime="2021-06-18T18:12:55.6810000+02:00" testType="13cdc9d9-ddb5-4fa4-a97d-d965ccfc6d4b" outcome="Passed" testListId="8c84fa94-04c1-424b-9868-57a2d4851a1d">
      <Output>
      </Output>
    </UnitTestResult>
    <UnitTestResult executionId="e4564983-5c0f-431d-97f8-ece09db570bc" testId="ecd4b406-fd73-c07f-191b-e7d811ed80c2" testName="DisplayEmployeesWorkingForTest_ShouldHaveCount1" computerName="MSSQLSERVER" duration="00:00:00.0015916" startTime="2021-06-18T18:12:55.6840000+02:00" endTime="2021-06-18T18:12:55.6890000+02:00" testType="13cdc9d9-ddb5-4fa4-a97d-d965ccfc6d4b" outcome="Passed" testListId="8c84fa94-04c1-424b-9868-57a2d4851a1d">
      <Output>
        <StdOut>Displaying employees working for exactly 11 years

Legend:
	L - Level
	WS - Working since [year]
	WF - Working for [in years]


Path     L    Name                      Position                             WS      WF  Salary $
-------------------------------------------------------------------------------------------------
/2/      1    Tyler Joseph              HR Manager                         2010      11      7000</StdOut>
      </Output>
    </UnitTestResult>
  </Results>
</TestRun>