<?xml version="1.0" encoding="UTF-8"?>
<TestRun id="a28d87c4-506f-4ce0-88e4-2adcf68a3c21" name="Administrator@MSSQLSERVER 2021-06-18 18:27:05" runUser="MSSQLSERVER\Administrator" xmlns="http://microsoft.com/schemas/VisualStudio/TeamTest/2006">
  <TestRunConfiguration name="Local Test Run" id="33b21a9f-2c38-40b0-a855-2d51da190c94">
    <Description>This is a default test run configuration for a local test run.</Description>
    <Deployment runDeploymentRoot="C:\Users\Administrator\Documents\Visual Studio 2008\Projects\Rogowski_Hierarchy_Project\TestResults\Administrator_MSSQLSERVER 2021-06-18 18_27_05">
      <DeploymentItem filename="C:\Users\Administrator\Documents\Visual Studio 2008\Projects\Rogowski_Hierarchy_Project\Rogowski_Hierarchy_Project\bin\Debug\Rogowski_Hierarchy_Project.exe" />
    </Deployment>
    <TestTypeSpecific />
  </TestRunConfiguration>
  <ResultSummary outcome="Completed">
    <Counters total="14" executed="14" passed="14" error="0" failed="0" timeout="0" aborted="0" inconclusive="0" passedButRunAborted="0" notRunnable="0" notExecuted="0" disconnected="0" warning="0" completed="0" inProgress="0" pending="0" />
  </ResultSummary>
  <Times creation="2021-06-18T18:27:05.4660000+02:00" queuing="2021-06-18T18:27:05.8140000+02:00" start="2021-06-18T18:27:05.9390000+02:00" finish="2021-06-18T18:27:06.4670000+02:00" />
  <TestDefinitions>
    <UnitTest name="FindEmployeeTest_NonExistingEmployee" storage="c:\users\administrator\documents\visual studio 2008\projects\rogowski_hierarchy_project\testproject\bin\debug\testproject.dll" id="913415b4-c74d-3975-61d0-fedb4cd11d77">
      <Css projectStructure="" iteration="" />
      <Owners>
        <Owner name="" />
      </Owners>
      <Execution id="8b5f61bb-8b35-4866-a436-be1d56c75dcf" />
      <TestMethod codeBase="C:\Users\Administrator\Documents\Visual Studio 2008\Projects\Rogowski_Hierarchy_Project\TestProject\bin\Debug\TestProject.dll" adapterTypeName="Microsoft.VisualStudio.TestTools.TestTypes.Unit.UnitTestAdapter, Microsoft.VisualStudio.QualityTools.Tips.UnitTest.Adapter, Version=9.0.0.0, Culture=neutral, PublicKeyToken=b03f5f7f11d50a3a" className="CompanyTest.UnitTests, TestProject" name="FindEmployeeTest_NonExistingEmployee" />
    </UnitTest>
    <UnitTest name="DisplayEmployeesWorkingForTest_ShouldHaveCount0" storage="c:\users\administrator\documents\visual studio 2008\projects\rogowski_hierarchy_project\testproject\bin\debug\testproject.dll" id="a3704cab-5d07-5363-053e-158f3665c4a3">
      <Css projectStructure="" iteration="" />
      <Owners>
        <Owner name="" />
      </Owners>
      <Execution id="b6992320-e1db-4912-951f-e6669502e43e" />
      <TestMethod codeBase="C:\Users\Administrator\Documents\Visual Studio 2008\Projects\Rogowski_Hierarchy_Project\TestProject\bin\Debug\TestProject.dll" adapterTypeName="Microsoft.VisualStudio.TestTools.TestTypes.Unit.UnitTestAdapter, Microsoft.VisualStudio.QualityTools.Tips.UnitTest.Adapter, Version=9.0.0.0, Culture=neutral, PublicKeyToken=b03f5f7f11d50a3a" className="CompanyTest.UnitTests, TestProject" name="DisplayEmployeesWorkingForTest_ShouldHaveCount0" />
    </UnitTest>
    <UnitTest name="DisplayEmployeesWorkingForTest_ShouldHaveCount1" storage="c:\users\administrator\documents\visual studio 2008\projects\rogowski_hierarchy_project\testproject\bin\debug\testproject.dll" id="ecd4b406-fd73-c07f-191b-e7d811ed80c2">
      <Css projectStructure="" iteration="" />
      <Owners>
        <Owner name="" />
      </Owners>
      <Execution id="7e65aa3b-e65f-4c03-9185-d00fc644a651" />
      <TestMethod codeBase="C:\Users\Administrator\Documents\Visual Studio 2008\Projects\Rogowski_Hierarchy_Project\TestProject\bin\Debug\TestProject.dll" adapterTypeName="Microsoft.VisualStudio.TestTools.TestTypes.Unit.UnitTestAdapter, Microsoft.VisualStudio.QualityTools.Tips.UnitTest.Adapter, Version=9.0.0.0, Culture=neutral, PublicKeyToken=b03f5f7f11d50a3a" className="CompanyTest.UnitTests, TestProject" name="DisplayEmployeesWorkingForTest_ShouldHaveCount1" />
    </UnitTest>
    <UnitTest name="AddNewEmployeeTest_ShouldThrowSqlException" storage="c:\users\administrator\documents\visual studio 2008\projects\rogowski_hierarchy_project\testproject\bin\debug\testproject.dll" id="52341285-5549-ac3d-975d-0a59d459dc23">
      <Css projectStructure="" iteration="" />
      <Owners>
        <Owner name="" />
      </Owners>
      <Execution id="df70a57b-f718-46bb-bdcc-d68444bf33b4" />
      <TestMethod codeBase="C:\Users\Administrator\Documents\Visual Studio 2008\Projects\Rogowski_Hierarchy_Project\TestProject\bin\Debug\TestProject.dll" adapterTypeName="Microsoft.VisualStudio.TestTools.TestTypes.Unit.UnitTestAdapter, Microsoft.VisualStudio.QualityTools.Tips.UnitTest.Adapter, Version=9.0.0.0, Culture=neutral, PublicKeyToken=b03f5f7f11d50a3a" className="CompanyTest.UnitTests, TestProject" name="AddNewEmployeeTest_ShouldThrowSqlException" />
    </UnitTest>
    <UnitTest name="DeleteEmployeeTest_ShouldThrowExceptionMessage" storage="c:\users\administrator\documents\visual studio 2008\projects\rogowski_hierarchy_project\testproject\bin\debug\testproject.dll" id="18c93149-74fb-1fa2-cb64-c9a9eaf4375b">
      <Css projectStructure="" iteration="" />
      <Owners>
        <Owner name="" />
      </Owners>
      <Execution id="c520f2d4-d87c-457f-8a05-44c4a4be85c6" />
      <TestMethod codeBase="C:\Users\Administrator\Documents\Visual Studio 2008\Projects\Rogowski_Hierarchy_Project\TestProject\bin\Debug\TestProject.dll" adapterTypeName="Microsoft.VisualStudio.TestTools.TestTypes.Unit.UnitTestAdapter, Microsoft.VisualStudio.QualityTools.Tips.UnitTest.Adapter, Version=9.0.0.0, Culture=neutral, PublicKeyToken=b03f5f7f11d50a3a" className="CompanyTest.UnitTests, TestProject" name="DeleteEmployeeTest_ShouldThrowExceptionMessage" />
    </UnitTest>
    <UnitTest name="DisplayStatisticsForPathTest" storage="c:\users\administrator\documents\visual studio 2008\projects\rogowski_hierarchy_project\testproject\bin\debug\testproject.dll" id="cef19e69-ec75-e38e-edf0-18f16beed367">
      <Css projectStructure="" iteration="" />
      <Owners>
        <Owner name="" />
      </Owners>
      <Execution id="a4e1aa83-7e5f-4625-9953-540d98b2d029" />
      <TestMethod codeBase="C:\Users\Administrator\Documents\Visual Studio 2008\Projects\Rogowski_Hierarchy_Project\TestProject\bin\Debug\TestProject.dll" adapterTypeName="Microsoft.VisualStudio.TestTools.TestTypes.Unit.UnitTestAdapter, Microsoft.VisualStudio.QualityTools.Tips.UnitTest.Adapter, Version=9.0.0.0, Culture=neutral, PublicKeyToken=b03f5f7f11d50a3a" className="CompanyTest.UnitTests, TestProject" name="DisplayStatisticsForPathTest" />
    </UnitTest>
    <UnitTest name="FindEmployeeWithSubordinatesTest_NonExistingEmployee" storage="c:\users\administrator\documents\visual studio 2008\projects\rogowski_hierarchy_project\testproject\bin\debug\testproject.dll" id="949a777a-6dcc-d287-735f-b9d28b2205fb">
      <Css projectStructure="" iteration="" />
      <Owners>
        <Owner name="" />
      </Owners>
      <Execution id="562dbc0a-8cc9-44e7-a436-caf8a2fa581c" />
      <TestMethod codeBase="C:\Users\Administrator\Documents\Visual Studio 2008\Projects\Rogowski_Hierarchy_Project\TestProject\bin\Debug\TestProject.dll" adapterTypeName="Microsoft.VisualStudio.TestTools.TestTypes.Unit.UnitTestAdapter, Microsoft.VisualStudio.QualityTools.Tips.UnitTest.Adapter, Version=9.0.0.0, Culture=neutral, PublicKeyToken=b03f5f7f11d50a3a" className="CompanyTest.UnitTests, TestProject" name="FindEmployeeWithSubordinatesTest_NonExistingEmployee" />
    </UnitTest>
    <UnitTest name="DisplayEmployeesWorkingForTest_ShouldHaveCount3" storage="c:\users\administrator\documents\visual studio 2008\projects\rogowski_hierarchy_project\testproject\bin\debug\testproject.dll" id="c3e63fa0-8c54-6e24-57db-8177c057d64c">
      <Css projectStructure="" iteration="" />
      <Owners>
        <Owner name="" />
      </Owners>
      <Execution id="c53923e4-5d2c-4948-805c-06a1b9d0c5d2" />
      <TestMethod codeBase="C:\Users\Administrator\Documents\Visual Studio 2008\Projects\Rogowski_Hierarchy_Project\TestProject\bin\Debug\TestProject.dll" adapterTypeName="Microsoft.VisualStudio.TestTools.TestTypes.Unit.UnitTestAdapter, Microsoft.VisualStudio.QualityTools.Tips.UnitTest.Adapter, Version=9.0.0.0, Culture=neutral, PublicKeyToken=b03f5f7f11d50a3a" className="CompanyTest.UnitTests, TestProject" name="DisplayEmployeesWorkingForTest_ShouldHaveCount3" />
    </UnitTest>
    <UnitTest name="FindEmployeeWithSubordinatesTest_ExistingEmployee" storage="c:\users\administrator\documents\visual studio 2008\projects\rogowski_hierarchy_project\testproject\bin\debug\testproject.dll" id="b87028b3-ebd5-a96d-a962-481adeda8187">
      <Css projectStructure="" iteration="" />
      <Owners>
        <Owner name="" />
      </Owners>
      <Execution id="2bac0c20-4740-4a59-bc37-a7add1601262" />
      <TestMethod codeBase="C:\Users\Administrator\Documents\Visual Studio 2008\Projects\Rogowski_Hierarchy_Project\TestProject\bin\Debug\TestProject.dll" adapterTypeName="Microsoft.VisualStudio.TestTools.TestTypes.Unit.UnitTestAdapter, Microsoft.VisualStudio.QualityTools.Tips.UnitTest.Adapter, Version=9.0.0.0, Culture=neutral, PublicKeyToken=b03f5f7f11d50a3a" className="CompanyTest.UnitTests, TestProject" name="FindEmployeeWithSubordinatesTest_ExistingEmployee" />
    </UnitTest>
    <UnitTest name="AddNewEmployeeTest_Right" storage="c:\users\administrator\documents\visual studio 2008\projects\rogowski_hierarchy_project\testproject\bin\debug\testproject.dll" id="55e76044-6fc2-5b1f-bc89-5efb924c6935">
      <Css projectStructure="" iteration="" />
      <Owners>
        <Owner name="" />
      </Owners>
      <Execution id="7f673ad7-5ce4-42d6-b501-5c5b9c020300" />
      <TestMethod codeBase="C:\Users\Administrator\Documents\Visual Studio 2008\Projects\Rogowski_Hierarchy_Project\TestProject\bin\Debug\TestProject.dll" adapterTypeName="Microsoft.VisualStudio.TestTools.TestTypes.Unit.UnitTestAdapter, Microsoft.VisualStudio.QualityTools.Tips.UnitTest.Adapter, Version=9.0.0.0, Culture=neutral, PublicKeyToken=b03f5f7f11d50a3a" className="CompanyTest.UnitTests, TestProject" name="AddNewEmployeeTest_Right" />
    </UnitTest>
    <UnitTest name="DisplayStatisticsForLevelTest" storage="c:\users\administrator\documents\visual studio 2008\projects\rogowski_hierarchy_project\testproject\bin\debug\testproject.dll" id="e820ed2a-e529-553a-c59c-2db869663514">
      <Css projectStructure="" iteration="" />
      <Owners>
        <Owner name="" />
      </Owners>
      <Execution id="cc21cbcf-0d9b-4b92-8b45-b27ca4ebb996" />
      <TestMethod codeBase="C:\Users\Administrator\Documents\Visual Studio 2008\Projects\Rogowski_Hierarchy_Project\TestProject\bin\Debug\TestProject.dll" adapterTypeName="Microsoft.VisualStudio.TestTools.TestTypes.Unit.UnitTestAdapter, Microsoft.VisualStudio.QualityTools.Tips.UnitTest.Adapter, Version=9.0.0.0, Culture=neutral, PublicKeyToken=b03f5f7f11d50a3a" className="CompanyTest.UnitTests, TestProject" name="DisplayStatisticsForLevelTest" />
    </UnitTest>
    <UnitTest name="FindEmployeeTest_ExistingEmployee" storage="c:\users\administrator\documents\visual studio 2008\projects\rogowski_hierarchy_project\testproject\bin\debug\testproject.dll" id="af6cbc71-8fa2-5fe4-07e3-0e1a7174a482">
      <Css projectStructure="" iteration="" />
      <Owners>
        <Owner name="" />
      </Owners>
      <Execution id="326acfbb-7025-428b-b8fb-73171873d29a" />
      <TestMethod codeBase="C:\Users\Administrator\Documents\Visual Studio 2008\Projects\Rogowski_Hierarchy_Project\TestProject\bin\Debug\TestProject.dll" adapterTypeName="Microsoft.VisualStudio.TestTools.TestTypes.Unit.UnitTestAdapter, Microsoft.VisualStudio.QualityTools.Tips.UnitTest.Adapter, Version=9.0.0.0, Culture=neutral, PublicKeyToken=b03f5f7f11d50a3a" className="CompanyTest.UnitTests, TestProject" name="FindEmployeeTest_ExistingEmployee" />
    </UnitTest>
    <UnitTest name="Z_DeleteEmployeeTest" storage="c:\users\administrator\documents\visual studio 2008\projects\rogowski_hierarchy_project\testproject\bin\debug\testproject.dll" id="e4aa875b-126f-48d1-c4dc-24dd4bd5908a">
      <Css projectStructure="" iteration="" />
      <Owners>
        <Owner name="" />
      </Owners>
      <Execution id="ba94cbf1-6782-48ca-bbf8-4c5e505a99e1" />
      <TestMethod codeBase="C:\Users\Administrator\Documents\Visual Studio 2008\Projects\Rogowski_Hierarchy_Project\TestProject\bin\Debug\TestProject.dll" adapterTypeName="Microsoft.VisualStudio.TestTools.TestTypes.Unit.UnitTestAdapter, Microsoft.VisualStudio.QualityTools.Tips.UnitTest.Adapter, Version=9.0.0.0, Culture=neutral, PublicKeyToken=b03f5f7f11d50a3a" className="CompanyTest.UnitTests, TestProject" name="Z_DeleteEmployeeTest" />
    </UnitTest>
    <UnitTest name="AA_LoadAllEmployeesTest_ShouldHaveCount11" storage="c:\users\administrator\documents\visual studio 2008\projects\rogowski_hierarchy_project\testproject\bin\debug\testproject.dll" id="38b36908-0a55-4f2d-8c66-bb497565a1d1">
      <Css projectStructure="" iteration="" />
      <Owners>
        <Owner name="" />
      </Owners>
      <Execution id="5a9f2e7f-c730-4267-9afe-a0c28fa05580" />
      <TestMethod codeBase="C:\Users\Administrator\Documents\Visual Studio 2008\Projects\Rogowski_Hierarchy_Project\TestProject\bin\Debug\TestProject.dll" adapterTypeName="Microsoft.VisualStudio.TestTools.TestTypes.Unit.UnitTestAdapter, Microsoft.VisualStudio.QualityTools.Tips.UnitTest.Adapter, Version=9.0.0.0, Culture=neutral, PublicKeyToken=b03f5f7f11d50a3a" className="CompanyTest.UnitTests, TestProject" name="AA_LoadAllEmployeesTest_ShouldHaveCount11" />
    </UnitTest>
  </TestDefinitions>
  <TestLists>
    <TestList name="Results Not in a List" id="8c84fa94-04c1-424b-9868-57a2d4851a1d" />
    <TestList name="All Loaded Results" id="19431567-8539-422a-85d7-44ee4e166bda" />
  </TestLists>
  <TestEntries>
    <TestEntry testId="18c93149-74fb-1fa2-cb64-c9a9eaf4375b" executionId="c520f2d4-d87c-457f-8a05-44c4a4be85c6" testListId="8c84fa94-04c1-424b-9868-57a2d4851a1d" />
    <TestEntry testId="38b36908-0a55-4f2d-8c66-bb497565a1d1" executionId="5a9f2e7f-c730-4267-9afe-a0c28fa05580" testListId="8c84fa94-04c1-424b-9868-57a2d4851a1d" />
    <TestEntry testId="52341285-5549-ac3d-975d-0a59d459dc23" executionId="df70a57b-f718-46bb-bdcc-d68444bf33b4" testListId="8c84fa94-04c1-424b-9868-57a2d4851a1d" />
    <TestEntry testId="55e76044-6fc2-5b1f-bc89-5efb924c6935" executionId="7f673ad7-5ce4-42d6-b501-5c5b9c020300" testListId="8c84fa94-04c1-424b-9868-57a2d4851a1d" />
    <TestEntry testId="913415b4-c74d-3975-61d0-fedb4cd11d77" executionId="8b5f61bb-8b35-4866-a436-be1d56c75dcf" testListId="8c84fa94-04c1-424b-9868-57a2d4851a1d" />
    <TestEntry testId="949a777a-6dcc-d287-735f-b9d28b2205fb" executionId="562dbc0a-8cc9-44e7-a436-caf8a2fa581c" testListId="8c84fa94-04c1-424b-9868-57a2d4851a1d" />
    <TestEntry testId="a3704cab-5d07-5363-053e-158f3665c4a3" executionId="b6992320-e1db-4912-951f-e6669502e43e" testListId="8c84fa94-04c1-424b-9868-57a2d4851a1d" />
    <TestEntry testId="af6cbc71-8fa2-5fe4-07e3-0e1a7174a482" executionId="326acfbb-7025-428b-b8fb-73171873d29a" testListId="8c84fa94-04c1-424b-9868-57a2d4851a1d" />
    <TestEntry testId="b87028b3-ebd5-a96d-a962-481adeda8187" executionId="2bac0c20-4740-4a59-bc37-a7add1601262" testListId="8c84fa94-04c1-424b-9868-57a2d4851a1d" />
    <TestEntry testId="c3e63fa0-8c54-6e24-57db-8177c057d64c" executionId="c53923e4-5d2c-4948-805c-06a1b9d0c5d2" testListId="8c84fa94-04c1-424b-9868-57a2d4851a1d" />
    <TestEntry testId="cef19e69-ec75-e38e-edf0-18f16beed367" executionId="a4e1aa83-7e5f-4625-9953-540d98b2d029" testListId="8c84fa94-04c1-424b-9868-57a2d4851a1d" />
    <TestEntry testId="e4aa875b-126f-48d1-c4dc-24dd4bd5908a" executionId="ba94cbf1-6782-48ca-bbf8-4c5e505a99e1" testListId="8c84fa94-04c1-424b-9868-57a2d4851a1d" />
    <TestEntry testId="e820ed2a-e529-553a-c59c-2db869663514" executionId="cc21cbcf-0d9b-4b92-8b45-b27ca4ebb996" testListId="8c84fa94-04c1-424b-9868-57a2d4851a1d" />
    <TestEntry testId="ecd4b406-fd73-c07f-191b-e7d811ed80c2" executionId="7e65aa3b-e65f-4c03-9185-d00fc644a651" testListId="8c84fa94-04c1-424b-9868-57a2d4851a1d" />
  </TestEntries>
  <Results>
    <UnitTestResult executionId="c520f2d4-d87c-457f-8a05-44c4a4be85c6" testId="18c93149-74fb-1fa2-cb64-c9a9eaf4375b" testName="DeleteEmployeeTest_ShouldThrowExceptionMessage" computerName="MSSQLSERVER" duration="00:00:00.0016049" startTime="2021-06-18T18:27:05.9910000+02:00" endTime="2021-06-18T18:27:06.2260000+02:00" testType="13cdc9d9-ddb5-4fa4-a97d-d965ccfc6d4b" outcome="Passed" testListId="8c84fa94-04c1-424b-9868-57a2d4851a1d">
      <Output>
      </Output>
    </UnitTestResult>
    <UnitTestResult executionId="5a9f2e7f-c730-4267-9afe-a0c28fa05580" testId="38b36908-0a55-4f2d-8c66-bb497565a1d1" testName="AA_LoadAllEmployeesTest_ShouldHaveCount11" computerName="MSSQLSERVER" duration="00:00:00.0107371" startTime="2021-06-18T18:27:06.2370000+02:00" endTime="2021-06-18T18:27:06.2510000+02:00" testType="13cdc9d9-ddb5-4fa4-a97d-d965ccfc6d4b" outcome="Passed" testListId="8c84fa94-04c1-424b-9868-57a2d4851a1d">
      <Output>
      </Output>
    </UnitTestResult>
    <UnitTestResult executionId="df70a57b-f718-46bb-bdcc-d68444bf33b4" testId="52341285-5549-ac3d-975d-0a59d459dc23" testName="AddNewEmployeeTest_ShouldThrowSqlException" computerName="MSSQLSERVER" duration="00:00:00.0025862" startTime="2021-06-18T18:27:06.2550000+02:00" endTime="2021-06-18T18:27:06.2600000+02:00" testType="13cdc9d9-ddb5-4fa4-a97d-d965ccfc6d4b" outcome="Passed" testListId="8c84fa94-04c1-424b-9868-57a2d4851a1d">
      <Output>
      </Output>
    </UnitTestResult>
    <UnitTestResult executionId="7f673ad7-5ce4-42d6-b501-5c5b9c020300" testId="55e76044-6fc2-5b1f-bc89-5efb924c6935" testName="AddNewEmployeeTest_Right" computerName="MSSQLSERVER" duration="00:00:00.0026739" startTime="2021-06-18T18:27:06.2630000+02:00" endTime="2021-06-18T18:27:06.2680000+02:00" testType="13cdc9d9-ddb5-4fa4-a97d-d965ccfc6d4b" outcome="Passed" testListId="8c84fa94-04c1-424b-9868-57a2d4851a1d">
      <Output>
      </Output>
    </UnitTestResult>
    <UnitTestResult executionId="8b5f61bb-8b35-4866-a436-be1d56c75dcf" testId="913415b4-c74d-3975-61d0-fedb4cd11d77" testName="FindEmployeeTest_NonExistingEmployee" computerName="MSSQLSERVER" duration="00:00:00.0023174" startTime="2021-06-18T18:27:06.2700000+02:00" endTime="2021-06-18T18:27:06.2760000+02:00" testType="13cdc9d9-ddb5-4fa4-a97d-d965ccfc6d4b" outcome="Passed" testListId="8c84fa94-04c1-424b-9868-57a2d4851a1d">
      <Output>
        <StdOut>Legend:
	L - Level
	WS - Working since [year]
	WF - Working for [in years]


Path     L    Name                      Position                             WS      WF  Salary $
-------------------------------------------------------------------------------------------------</StdOut>
      </Output>
    </UnitTestResult>
    <UnitTestResult executionId="562dbc0a-8cc9-44e7-a436-caf8a2fa581c" testId="949a777a-6dcc-d287-735f-b9d28b2205fb" testName="FindEmployeeWithSubordinatesTest_NonExistingEmployee" computerName="MSSQLSERVER" duration="00:00:00.0020290" startTime="2021-06-18T18:27:06.2780000+02:00" endTime="2021-06-18T18:27:06.2830000+02:00" testType="13cdc9d9-ddb5-4fa4-a97d-d965ccfc6d4b" outcome="Passed" testListId="8c84fa94-04c1-424b-9868-57a2d4851a1d">
      <Output>
        <StdOut>Legend:
	L - Level
	WS - Working since [year]
	WF - Working for [in years]


Path     L    Name                      Position                             WS      WF  Salary $
-------------------------------------------------------------------------------------------------</StdOut>
      </Output>
    </UnitTestResult>
    <UnitTestResult executionId="b6992320-e1db-4912-951f-e6669502e43e" testId="a3704cab-5d07-5363-053e-158f3665c4a3" testName="DisplayEmployeesWorkingForTest_ShouldHaveCount0" computerName="MSSQLSERVER" duration="00:00:00.0023379" startTime="2021-06-18T18:27:06.2850000+02:00" endTime="2021-06-18T18:27:06.2910000+02:00" testType="13cdc9d9-ddb5-4fa4-a97d-d965ccfc6d4b" outcome="Passed" testListId="8c84fa94-04c1-424b-9868-57a2d4851a1d">
      <Output>
        <StdOut>Displaying employees working for more than 20 years

Legend:
	L - Level
	WS - Working since [year]
	WF - Working for [in years]


Path     L    Name                      Position                             WS      WF  Salary $
-------------------------------------------------------------------------------------------------</StdOut>
      </Output>
    </UnitTestResult>
    <UnitTestResult executionId="326acfbb-7025-428b-b8fb-73171873d29a" testId="af6cbc71-8fa2-5fe4-07e3-0e1a7174a482" testName="FindEmployeeTest_ExistingEmployee" computerName="MSSQLSERVER" duration="00:00:00.0022766" startTime="2021-06-18T18:27:06.2930000+02:00" endTime="2021-06-18T18:27:06.2980000+02:00" testType="13cdc9d9-ddb5-4fa4-a97d-d965ccfc6d4b" outcome="Passed" testListId="8c84fa94-04c1-424b-9868-57a2d4851a1d">
      <Output>
        <StdOut>Legend:
	L - Level
	WS - Working since [year]
	WF - Working for [in years]


Path     L    Name                      Position                             WS      WF  Salary $
-------------------------------------------------------------------------------------------------
/1/      1    Billie Eilish             Financial Manager                  2015       6      8000</StdOut>
      </Output>
    </UnitTestResult>
    <UnitTestResult executionId="2bac0c20-4740-4a59-bc37-a7add1601262" testId="b87028b3-ebd5-a96d-a962-481adeda8187" testName="FindEmployeeWithSubordinatesTest_ExistingEmployee" computerName="MSSQLSERVER" duration="00:00:00.0013331" startTime="2021-06-18T18:27:06.3010000+02:00" endTime="2021-06-18T18:27:06.3050000+02:00" testType="13cdc9d9-ddb5-4fa4-a97d-d965ccfc6d4b" outcome="Passed" testListId="8c84fa94-04c1-424b-9868-57a2d4851a1d">
      <Output>
        <StdOut>Legend:
	L - Level
	WS - Working since [year]
	WF - Working for [in years]


Path     L    Name                      Position                             WS      WF  Salary $
-------------------------------------------------------------------------------------------------
/4/      1    Ebba Tove Elsa Nilsson    Technical Manager                  2013       8      7000
/4/1/    2    Alma-Sofia Miettinen      Technical Senior Manager           2016       5      6000
/4/1/1/  3    Zara Maria Larsson        Technical Assistant Manager        2016       5      4000</StdOut>
      </Output>
    </UnitTestResult>
    <UnitTestResult executionId="c53923e4-5d2c-4948-805c-06a1b9d0c5d2" testId="c3e63fa0-8c54-6e24-57db-8177c057d64c" testName="DisplayEmployeesWorkingForTest_ShouldHaveCount3" computerName="MSSQLSERVER" duration="00:00:00.0012199" startTime="2021-06-18T18:27:06.3070000+02:00" endTime="2021-06-18T18:27:06.3110000+02:00" testType="13cdc9d9-ddb5-4fa4-a97d-d965ccfc6d4b" outcome="Passed" testListId="8c84fa94-04c1-424b-9868-57a2d4851a1d">
      <Output>
        <StdOut>Displaying employees working for less than 6 years

Legend:
	L - Level
	WS - Working since [year]
	WF - Working for [in years]


Path     L    Name                      Position                             WS      WF  Salary $
-------------------------------------------------------------------------------------------------
/2/1/2/  3    Josh Taylor               HR Assistnant                      2018       3      2200
/4/1/    2    Alma-Sofia Miettinen      Technical Senior Manager           2016       5      6000
/4/1/1/  3    Zara Maria Larsson        Technical Assistant Manager        2016       5      4000</StdOut>
      </Output>
    </UnitTestResult>
    <UnitTestResult executionId="a4e1aa83-7e5f-4625-9953-540d98b2d029" testId="cef19e69-ec75-e38e-edf0-18f16beed367" testName="DisplayStatisticsForPathTest" computerName="MSSQLSERVER" duration="00:00:00.0020439" startTime="2021-06-18T18:27:06.3130000+02:00" endTime="2021-06-18T18:27:06.3180000+02:00" testType="13cdc9d9-ddb5-4fa4-a97d-d965ccfc6d4b" outcome="Passed" testListId="8c84fa94-04c1-424b-9868-57a2d4851a1d">
      <Output>
      </Output>
    </UnitTestResult>
    <UnitTestResult executionId="ba94cbf1-6782-48ca-bbf8-4c5e505a99e1" testId="e4aa875b-126f-48d1-c4dc-24dd4bd5908a" testName="Z_DeleteEmployeeTest" computerName="MSSQLSERVER" duration="00:00:00.0028771" startTime="2021-06-18T18:27:06.3580000+02:00" endTime="2021-06-18T18:27:06.3640000+02:00" testType="13cdc9d9-ddb5-4fa4-a97d-d965ccfc6d4b" outcome="Passed" testListId="8c84fa94-04c1-424b-9868-57a2d4851a1d">
      <Output>
      </Output>
    </UnitTestResult>
    <UnitTestResult executionId="cc21cbcf-0d9b-4b92-8b45-b27ca4ebb996" testId="e820ed2a-e529-553a-c59c-2db869663514" testName="DisplayStatisticsForLevelTest" computerName="MSSQLSERVER" duration="00:00:00.0018360" startTime="2021-06-18T18:27:06.3670000+02:00" endTime="2021-06-18T18:27:06.3710000+02:00" testType="13cdc9d9-ddb5-4fa4-a97d-d965ccfc6d4b" outcome="Passed" testListId="8c84fa94-04c1-424b-9868-57a2d4851a1d">
      <Output>
      </Output>
    </UnitTestResult>
    <UnitTestResult executionId="7e65aa3b-e65f-4c03-9185-d00fc644a651" testId="ecd4b406-fd73-c07f-191b-e7d811ed80c2" testName="DisplayEmployeesWorkingForTest_ShouldHaveCount1" computerName="MSSQLSERVER" duration="00:00:00.0011913" startTime="2021-06-18T18:27:06.3740000+02:00" endTime="2021-06-18T18:27:06.3780000+02:00" testType="13cdc9d9-ddb5-4fa4-a97d-d965ccfc6d4b" outcome="Passed" testListId="8c84fa94-04c1-424b-9868-57a2d4851a1d">
      <Output>
        <StdOut>Displaying employees working for exactly 11 years

Legend:
	L - Level
	WS - Working since [year]
	WF - Working for [in years]


Path     L    Name                      Position                             WS      WF  Salary $
-------------------------------------------------------------------------------------------------
/2/      1    Tyler Joseph              HR Manager                         2010      11      7000</StdOut>
      </Output>
    </UnitTestResult>
  </Results>
</TestRun>