<?xml version="1.0" encoding="UTF-8"?>
<TestRun id="3af5fdf2-9fc3-4738-98dd-2c2e0f5f08ff" name="Administrator@MSSQLSERVER 2021-06-18 18:14:48" runUser="MSSQLSERVER\Administrator" xmlns="http://microsoft.com/schemas/VisualStudio/TeamTest/2006">
  <TestRunConfiguration name="Local Test Run" id="33b21a9f-2c38-40b0-a855-2d51da190c94">
    <Description>This is a default test run configuration for a local test run.</Description>
    <Deployment runDeploymentRoot="C:\Users\Administrator\Documents\Visual Studio 2008\Projects\Rogowski_Hierarchy_Project\TestResults\Administrator_MSSQLSERVER 2021-06-18 18_14_48">
      <DeploymentItem filename="C:\Users\Administrator\Documents\Visual Studio 2008\Projects\Rogowski_Hierarchy_Project\Rogowski_Hierarchy_Project\bin\Debug\Rogowski_Hierarchy_Project.exe" />
    </Deployment>
    <TestTypeSpecific />
  </TestRunConfiguration>
  <ResultSummary outcome="Error">
    <Counters total="14" executed="14" passed="12" error="1" failed="1" timeout="0" aborted="0" inconclusive="0" passedButRunAborted="0" notRunnable="0" notExecuted="0" disconnected="0" warning="0" completed="0" inProgress="0" pending="0" />
  </ResultSummary>
  <Times creation="2021-06-18T18:14:48.8250000+02:00" queuing="2021-06-18T18:14:49.3350000+02:00" start="2021-06-18T18:14:49.5730000+02:00" finish="2021-06-18T18:14:50.8070000+02:00" />
  <TestDefinitions>
    <UnitTest name="FindEmployeeTest_NonExistingEmployee" storage="c:\users\administrator\documents\visual studio 2008\projects\rogowski_hierarchy_project\testproject\bin\debug\testproject.dll" id="913415b4-c74d-3975-61d0-fedb4cd11d77">
      <Css projectStructure="" iteration="" />
      <Owners>
        <Owner name="" />
      </Owners>
      <Execution id="ee9c395a-46c4-471e-b1fa-de4492442036" />
      <TestMethod codeBase="C:\Users\Administrator\Documents\Visual Studio 2008\Projects\Rogowski_Hierarchy_Project\TestProject\bin\Debug\TestProject.dll" adapterTypeName="Microsoft.VisualStudio.TestTools.TestTypes.Unit.UnitTestAdapter, Microsoft.VisualStudio.QualityTools.Tips.UnitTest.Adapter, Version=9.0.0.0, Culture=neutral, PublicKeyToken=b03f5f7f11d50a3a" className="CompanyTest.UnitTests, TestProject" name="FindEmployeeTest_NonExistingEmployee" />
    </UnitTest>
    <UnitTest name="DisplayEmployeesWorkingForTest_ShouldHaveCount0" storage="c:\users\administrator\documents\visual studio 2008\projects\rogowski_hierarchy_project\testproject\bin\debug\testproject.dll" id="a3704cab-5d07-5363-053e-158f3665c4a3">
      <Css projectStructure="" iteration="" />
      <Owners>
        <Owner name="" />
      </Owners>
      <Execution id="1171b5f8-a788-431a-ab25-aad72a881001" />
      <TestMethod codeBase="C:\Users\Administrator\Documents\Visual Studio 2008\Projects\Rogowski_Hierarchy_Project\TestProject\bin\Debug\TestProject.dll" adapterTypeName="Microsoft.VisualStudio.TestTools.TestTypes.Unit.UnitTestAdapter, Microsoft.VisualStudio.QualityTools.Tips.UnitTest.Adapter, Version=9.0.0.0, Culture=neutral, PublicKeyToken=b03f5f7f11d50a3a" className="CompanyTest.UnitTests, TestProject" name="DisplayEmployeesWorkingForTest_ShouldHaveCount0" />
    </UnitTest>
    <UnitTest name="DisplayEmployeesWorkingForTest_ShouldHaveCount1" storage="c:\users\administrator\documents\visual studio 2008\projects\rogowski_hierarchy_project\testproject\bin\debug\testproject.dll" id="ecd4b406-fd73-c07f-191b-e7d811ed80c2">
      <Css projectStructure="" iteration="" />
      <Owners>
        <Owner name="" />
      </Owners>
      <Execution id="ebf2bed2-51a8-4b86-8531-bf761a68b5cc" />
      <TestMethod codeBase="C:\Users\Administrator\Documents\Visual Studio 2008\Projects\Rogowski_Hierarchy_Project\TestProject\bin\Debug\TestProject.dll" adapterTypeName="Microsoft.VisualStudio.TestTools.TestTypes.Unit.UnitTestAdapter, Microsoft.VisualStudio.QualityTools.Tips.UnitTest.Adapter, Version=9.0.0.0, Culture=neutral, PublicKeyToken=b03f5f7f11d50a3a" className="CompanyTest.UnitTests, TestProject" name="DisplayEmployeesWorkingForTest_ShouldHaveCount1" />
    </UnitTest>
    <UnitTest name="DisplayEmployeesWorkingForTest_ShouldHaveCount3" storage="c:\users\administrator\documents\visual studio 2008\projects\rogowski_hierarchy_project\testproject\bin\debug\testproject.dll" id="c3e63fa0-8c54-6e24-57db-8177c057d64c">
      <Css projectStructure="" iteration="" />
      <Owners>
        <Owner name="" />
      </Owners>
      <Execution id="ecb55b07-abf7-47a2-ac9a-cbc00f41a56d" />
      <TestMethod codeBase="C:\Users\Administrator\Documents\Visual Studio 2008\Projects\Rogowski_Hierarchy_Project\TestProject\bin\Debug\TestProject.dll" adapterTypeName="Microsoft.VisualStudio.TestTools.TestTypes.Unit.UnitTestAdapter, Microsoft.VisualStudio.QualityTools.Tips.UnitTest.Adapter, Version=9.0.0.0, Culture=neutral, PublicKeyToken=b03f5f7f11d50a3a" className="CompanyTest.UnitTests, TestProject" name="DisplayEmployeesWorkingForTest_ShouldHaveCount3" />
    </UnitTest>
    <UnitTest name="AddNewEmployeeTest_ShouldThrowSqlException" storage="c:\users\administrator\documents\visual studio 2008\projects\rogowski_hierarchy_project\testproject\bin\debug\testproject.dll" id="52341285-5549-ac3d-975d-0a59d459dc23">
      <Css projectStructure="" iteration="" />
      <Owners>
        <Owner name="" />
      </Owners>
      <Execution id="cb4b4762-9b3c-4187-998c-bebe3845faa3" />
      <TestMethod codeBase="C:\Users\Administrator\Documents\Visual Studio 2008\Projects\Rogowski_Hierarchy_Project\TestProject\bin\Debug\TestProject.dll" adapterTypeName="Microsoft.VisualStudio.TestTools.TestTypes.Unit.UnitTestAdapter, Microsoft.VisualStudio.QualityTools.Tips.UnitTest.Adapter, Version=9.0.0.0, Culture=neutral, PublicKeyToken=b03f5f7f11d50a3a" className="CompanyTest.UnitTests, TestProject" name="AddNewEmployeeTest_ShouldThrowSqlException" />
    </UnitTest>
    <UnitTest name="DisplayStatisticsForPathTest" storage="c:\users\administrator\documents\visual studio 2008\projects\rogowski_hierarchy_project\testproject\bin\debug\testproject.dll" id="cef19e69-ec75-e38e-edf0-18f16beed367">
      <Css projectStructure="" iteration="" />
      <Owners>
        <Owner name="" />
      </Owners>
      <Execution id="1be62ed1-41a4-4b8b-a2a6-656ef1cd3d6b" />
      <TestMethod codeBase="C:\Users\Administrator\Documents\Visual Studio 2008\Projects\Rogowski_Hierarchy_Project\TestProject\bin\Debug\TestProject.dll" adapterTypeName="Microsoft.VisualStudio.TestTools.TestTypes.Unit.UnitTestAdapter, Microsoft.VisualStudio.QualityTools.Tips.UnitTest.Adapter, Version=9.0.0.0, Culture=neutral, PublicKeyToken=b03f5f7f11d50a3a" className="CompanyTest.UnitTests, TestProject" name="DisplayStatisticsForPathTest" />
    </UnitTest>
    <UnitTest name="FindEmployeeWithSubordinatesTest_NonExistingEmployee" storage="c:\users\administrator\documents\visual studio 2008\projects\rogowski_hierarchy_project\testproject\bin\debug\testproject.dll" id="949a777a-6dcc-d287-735f-b9d28b2205fb">
      <Css projectStructure="" iteration="" />
      <Owners>
        <Owner name="" />
      </Owners>
      <Execution id="f8337ce8-541b-438f-b13f-3aefac8bb492" />
      <TestMethod codeBase="C:\Users\Administrator\Documents\Visual Studio 2008\Projects\Rogowski_Hierarchy_Project\TestProject\bin\Debug\TestProject.dll" adapterTypeName="Microsoft.VisualStudio.TestTools.TestTypes.Unit.UnitTestAdapter, Microsoft.VisualStudio.QualityTools.Tips.UnitTest.Adapter, Version=9.0.0.0, Culture=neutral, PublicKeyToken=b03f5f7f11d50a3a" className="CompanyTest.UnitTests, TestProject" name="FindEmployeeWithSubordinatesTest_NonExistingEmployee" />
    </UnitTest>
    <UnitTest name="DeleteEmployeeTest_ShouldThrowException" storage="c:\users\administrator\documents\visual studio 2008\projects\rogowski_hierarchy_project\testproject\bin\debug\testproject.dll" id="172b2b4b-cba0-47ac-cab9-7a48c152bbc7">
      <Css projectStructure="" iteration="" />
      <Owners>
        <Owner name="" />
      </Owners>
      <Execution id="03b96f64-faaa-4952-a329-1eb51111f42a" />
      <TestMethod codeBase="C:\Users\Administrator\Documents\Visual Studio 2008\Projects\Rogowski_Hierarchy_Project\TestProject\bin\Debug\TestProject.dll" adapterTypeName="Microsoft.VisualStudio.TestTools.TestTypes.Unit.UnitTestAdapter, Microsoft.VisualStudio.QualityTools.Tips.UnitTest.Adapter, Version=9.0.0.0, Culture=neutral, PublicKeyToken=b03f5f7f11d50a3a" className="CompanyTest.UnitTests, TestProject" name="DeleteEmployeeTest_ShouldThrowException" />
    </UnitTest>
    <UnitTest name="FindEmployeeWithSubordinatesTest_ExistingEmployee" storage="c:\users\administrator\documents\visual studio 2008\projects\rogowski_hierarchy_project\testproject\bin\debug\testproject.dll" id="b87028b3-ebd5-a96d-a962-481adeda8187">
      <Css projectStructure="" iteration="" />
      <Owners>
        <Owner name="" />
      </Owners>
      <Execution id="8abd6dde-66b9-4c0d-98a5-81bb657e24c6" />
      <TestMethod codeBase="C:\Users\Administrator\Documents\Visual Studio 2008\Projects\Rogowski_Hierarchy_Project\TestProject\bin\Debug\TestProject.dll" adapterTypeName="Microsoft.VisualStudio.TestTools.TestTypes.Unit.UnitTestAdapter, Microsoft.VisualStudio.QualityTools.Tips.UnitTest.Adapter, Version=9.0.0.0, Culture=neutral, PublicKeyToken=b03f5f7f11d50a3a" className="CompanyTest.UnitTests, TestProject" name="FindEmployeeWithSubordinatesTest_ExistingEmployee" />
    </UnitTest>
    <UnitTest name="AddNewEmployeeTest_Right" storage="c:\users\administrator\documents\visual studio 2008\projects\rogowski_hierarchy_project\testproject\bin\debug\testproject.dll" id="55e76044-6fc2-5b1f-bc89-5efb924c6935">
      <Css projectStructure="" iteration="" />
      <Owners>
        <Owner name="" />
      </Owners>
      <Execution id="7a4ee17a-7eeb-439d-aab7-81b26baa8a6a" />
      <TestMethod codeBase="C:\Users\Administrator\Documents\Visual Studio 2008\Projects\Rogowski_Hierarchy_Project\TestProject\bin\Debug\TestProject.dll" adapterTypeName="Microsoft.VisualStudio.TestTools.TestTypes.Unit.UnitTestAdapter, Microsoft.VisualStudio.QualityTools.Tips.UnitTest.Adapter, Version=9.0.0.0, Culture=neutral, PublicKeyToken=b03f5f7f11d50a3a" className="CompanyTest.UnitTests, TestProject" name="AddNewEmployeeTest_Right" />
    </UnitTest>
    <UnitTest name="DeleteEmployeeTest" storage="c:\users\administrator\documents\visual studio 2008\projects\rogowski_hierarchy_project\testproject\bin\debug\testproject.dll" id="1f38e7a1-404b-3569-4b7b-82fd8b0c949e">
      <Css projectStructure="" iteration="" />
      <Owners>
        <Owner name="" />
      </Owners>
      <Execution id="aadfadab-245e-4714-82e5-ab497d304f78" />
      <TestMethod codeBase="C:\Users\Administrator\Documents\Visual Studio 2008\Projects\Rogowski_Hierarchy_Project\TestProject\bin\Debug\TestProject.dll" adapterTypeName="Microsoft.VisualStudio.TestTools.TestTypes.Unit.UnitTestAdapter, Microsoft.VisualStudio.QualityTools.Tips.UnitTest.Adapter, Version=9.0.0.0, Culture=neutral, PublicKeyToken=b03f5f7f11d50a3a" className="CompanyTest.UnitTests, TestProject" name="DeleteEmployeeTest" />
    </UnitTest>
    <UnitTest name="DisplayStatisticsForLevelTest" storage="c:\users\administrator\documents\visual studio 2008\projects\rogowski_hierarchy_project\testproject\bin\debug\testproject.dll" id="e820ed2a-e529-553a-c59c-2db869663514">
      <Css projectStructure="" iteration="" />
      <Owners>
        <Owner name="" />
      </Owners>
      <Execution id="f1dab18e-fdc9-4d33-ab29-b1b4d2daff98" />
      <TestMethod codeBase="C:\Users\Administrator\Documents\Visual Studio 2008\Projects\Rogowski_Hierarchy_Project\TestProject\bin\Debug\TestProject.dll" adapterTypeName="Microsoft.VisualStudio.TestTools.TestTypes.Unit.UnitTestAdapter, Microsoft.VisualStudio.QualityTools.Tips.UnitTest.Adapter, Version=9.0.0.0, Culture=neutral, PublicKeyToken=b03f5f7f11d50a3a" className="CompanyTest.UnitTests, TestProject" name="DisplayStatisticsForLevelTest" />
    </UnitTest>
    <UnitTest name="FindEmployeeTest_ExistingEmployee" storage="c:\users\administrator\documents\visual studio 2008\projects\rogowski_hierarchy_project\testproject\bin\debug\testproject.dll" id="af6cbc71-8fa2-5fe4-07e3-0e1a7174a482">
      <Css projectStructure="" iteration="" />
      <Owners>
        <Owner name="" />
      </Owners>
      <Execution id="cad78f1f-6578-42d7-8236-e0a58f7de88b" />
      <TestMethod codeBase="C:\Users\Administrator\Documents\Visual Studio 2008\Projects\Rogowski_Hierarchy_Project\TestProject\bin\Debug\TestProject.dll" adapterTypeName="Microsoft.VisualStudio.TestTools.TestTypes.Unit.UnitTestAdapter, Microsoft.VisualStudio.QualityTools.Tips.UnitTest.Adapter, Version=9.0.0.0, Culture=neutral, PublicKeyToken=b03f5f7f11d50a3a" className="CompanyTest.UnitTests, TestProject" name="FindEmployeeTest_ExistingEmployee" />
    </UnitTest>
    <UnitTest name="AA_LoadAllEmployeesTest_ShouldHaveCount11" storage="c:\users\administrator\documents\visual studio 2008\projects\rogowski_hierarchy_project\testproject\bin\debug\testproject.dll" id="38b36908-0a55-4f2d-8c66-bb497565a1d1">
      <Css projectStructure="" iteration="" />
      <Owners>
        <Owner name="" />
      </Owners>
      <Execution id="8ae06018-eda6-4621-adfd-a93080b33e19" />
      <TestMethod codeBase="C:\Users\Administrator\Documents\Visual Studio 2008\Projects\Rogowski_Hierarchy_Project\TestProject\bin\Debug\TestProject.dll" adapterTypeName="Microsoft.VisualStudio.TestTools.TestTypes.Unit.UnitTestAdapter, Microsoft.VisualStudio.QualityTools.Tips.UnitTest.Adapter, Version=9.0.0.0, Culture=neutral, PublicKeyToken=b03f5f7f11d50a3a" className="CompanyTest.UnitTests, TestProject" name="AA_LoadAllEmployeesTest_ShouldHaveCount11" />
    </UnitTest>
  </TestDefinitions>
  <TestLists>
    <TestList name="Results Not in a List" id="8c84fa94-04c1-424b-9868-57a2d4851a1d" />
    <TestList name="All Loaded Results" id="19431567-8539-422a-85d7-44ee4e166bda" />
  </TestLists>
  <TestEntries>
    <TestEntry testId="172b2b4b-cba0-47ac-cab9-7a48c152bbc7" executionId="03b96f64-faaa-4952-a329-1eb51111f42a" testListId="8c84fa94-04c1-424b-9868-57a2d4851a1d" />
    <TestEntry testId="1f38e7a1-404b-3569-4b7b-82fd8b0c949e" executionId="aadfadab-245e-4714-82e5-ab497d304f78" testListId="8c84fa94-04c1-424b-9868-57a2d4851a1d" />
    <TestEntry testId="38b36908-0a55-4f2d-8c66-bb497565a1d1" executionId="8ae06018-eda6-4621-adfd-a93080b33e19" testListId="8c84fa94-04c1-424b-9868-57a2d4851a1d" />
    <TestEntry testId="52341285-5549-ac3d-975d-0a59d459dc23" executionId="cb4b4762-9b3c-4187-998c-bebe3845faa3" testListId="8c84fa94-04c1-424b-9868-57a2d4851a1d" />
    <TestEntry testId="55e76044-6fc2-5b1f-bc89-5efb924c6935" executionId="7a4ee17a-7eeb-439d-aab7-81b26baa8a6a" testListId="8c84fa94-04c1-424b-9868-57a2d4851a1d" />
    <TestEntry testId="913415b4-c74d-3975-61d0-fedb4cd11d77" executionId="ee9c395a-46c4-471e-b1fa-de4492442036" testListId="8c84fa94-04c1-424b-9868-57a2d4851a1d" />
    <TestEntry testId="949a777a-6dcc-d287-735f-b9d28b2205fb" executionId="f8337ce8-541b-438f-b13f-3aefac8bb492" testListId="8c84fa94-04c1-424b-9868-57a2d4851a1d" />
    <TestEntry testId="a3704cab-5d07-5363-053e-158f3665c4a3" executionId="1171b5f8-a788-431a-ab25-aad72a881001" testListId="8c84fa94-04c1-424b-9868-57a2d4851a1d" />
    <TestEntry testId="af6cbc71-8fa2-5fe4-07e3-0e1a7174a482" executionId="cad78f1f-6578-42d7-8236-e0a58f7de88b" testListId="8c84fa94-04c1-424b-9868-57a2d4851a1d" />
    <TestEntry testId="b87028b3-ebd5-a96d-a962-481adeda8187" executionId="8abd6dde-66b9-4c0d-98a5-81bb657e24c6" testListId="8c84fa94-04c1-424b-9868-57a2d4851a1d" />
    <TestEntry testId="c3e63fa0-8c54-6e24-57db-8177c057d64c" executionId="ecb55b07-abf7-47a2-ac9a-cbc00f41a56d" testListId="8c84fa94-04c1-424b-9868-57a2d4851a1d" />
    <TestEntry testId="cef19e69-ec75-e38e-edf0-18f16beed367" executionId="1be62ed1-41a4-4b8b-a2a6-656ef1cd3d6b" testListId="8c84fa94-04c1-424b-9868-57a2d4851a1d" />
    <TestEntry testId="e820ed2a-e529-553a-c59c-2db869663514" executionId="f1dab18e-fdc9-4d33-ab29-b1b4d2daff98" testListId="8c84fa94-04c1-424b-9868-57a2d4851a1d" />
    <TestEntry testId="ecd4b406-fd73-c07f-191b-e7d811ed80c2" executionId="ebf2bed2-51a8-4b86-8531-bf761a68b5cc" testListId="8c84fa94-04c1-424b-9868-57a2d4851a1d" />
  </TestEntries>
  <Results>
    <UnitTestResult executionId="03b96f64-faaa-4952-a329-1eb51111f42a" testId="172b2b4b-cba0-47ac-cab9-7a48c152bbc7" testName="DeleteEmployeeTest_ShouldThrowException" computerName="MSSQLSERVER" duration="00:00:00" startTime="2021-06-18T18:14:50.0950000+02:00" endTime="2021-06-18T18:14:50.4520000+02:00" testType="13cdc9d9-ddb5-4fa4-a97d-d965ccfc6d4b" outcome="Error" testListId="8c84fa94-04c1-424b-9868-57a2d4851a1d">
      <Output>
        <ErrorInfo>
          <Message>UTA017: CompanyTest.UnitTests.DeleteEmployeeTest_ShouldThrowException has invalid ExpectedException attribute. The type must inherit from Exception.</Message>
        </ErrorInfo>
      </Output>
    </UnitTestResult>
    <UnitTestResult executionId="aadfadab-245e-4714-82e5-ab497d304f78" testId="1f38e7a1-404b-3569-4b7b-82fd8b0c949e" testName="DeleteEmployeeTest" computerName="MSSQLSERVER" duration="00:00:00.0049669" startTime="2021-06-18T18:14:50.4600000+02:00" endTime="2021-06-18T18:14:50.5500000+02:00" testType="13cdc9d9-ddb5-4fa4-a97d-d965ccfc6d4b" outcome="Failed" testListId="8c84fa94-04c1-424b-9868-57a2d4851a1d">
      <Output>
        <ErrorInfo>
          <Message>Test method CompanyTest.UnitTests.DeleteEmployeeTest threw exception:  System.Exception: Such employee does not exist.</Message>
          <StackTrace>    w Rogowski_Hierarchy_Project.Company.DeleteEmployee(String Path) w C:\Users\Administrator\Documents\Visual Studio 2008\Projects\Rogowski_Hierarchy_Project\Rogowski_Hierarchy_Project\Company.cs:wiersz 193
   w CompanyTest.UnitTests.DeleteEmployeeTest() w C:\Users\Administrator\Documents\Visual Studio 2008\Projects\Rogowski_Hierarchy_Project\TestProject\UnitTests.cs:wiersz 66
</StackTrace>
        </ErrorInfo>
      </Output>
    </UnitTestResult>
    <UnitTestResult executionId="8ae06018-eda6-4621-adfd-a93080b33e19" testId="38b36908-0a55-4f2d-8c66-bb497565a1d1" testName="AA_LoadAllEmployeesTest_ShouldHaveCount11" computerName="MSSQLSERVER" duration="00:00:00.0080242" startTime="2021-06-18T18:14:50.5610000+02:00" endTime="2021-06-18T18:14:50.5720000+02:00" testType="13cdc9d9-ddb5-4fa4-a97d-d965ccfc6d4b" outcome="Passed" testListId="8c84fa94-04c1-424b-9868-57a2d4851a1d">
      <Output>
      </Output>
    </UnitTestResult>
    <UnitTestResult executionId="cb4b4762-9b3c-4187-998c-bebe3845faa3" testId="52341285-5549-ac3d-975d-0a59d459dc23" testName="AddNewEmployeeTest_ShouldThrowSqlException" computerName="MSSQLSERVER" duration="00:00:00.0023483" startTime="2021-06-18T18:14:50.5750000+02:00" endTime="2021-06-18T18:14:50.5800000+02:00" testType="13cdc9d9-ddb5-4fa4-a97d-d965ccfc6d4b" outcome="Passed" testListId="8c84fa94-04c1-424b-9868-57a2d4851a1d">
      <Output>
      </Output>
    </UnitTestResult>
    <UnitTestResult executionId="7a4ee17a-7eeb-439d-aab7-81b26baa8a6a" testId="55e76044-6fc2-5b1f-bc89-5efb924c6935" testName="AddNewEmployeeTest_Right" computerName="MSSQLSERVER" duration="00:00:00.0028598" startTime="2021-06-18T18:14:50.5830000+02:00" endTime="2021-06-18T18:14:50.5890000+02:00" testType="13cdc9d9-ddb5-4fa4-a97d-d965ccfc6d4b" outcome="Passed" testListId="8c84fa94-04c1-424b-9868-57a2d4851a1d">
      <Output>
      </Output>
    </UnitTestResult>
    <UnitTestResult executionId="ee9c395a-46c4-471e-b1fa-de4492442036" testId="913415b4-c74d-3975-61d0-fedb4cd11d77" testName="FindEmployeeTest_NonExistingEmployee" computerName="MSSQLSERVER" duration="00:00:00.0025450" startTime="2021-06-18T18:14:50.5910000+02:00" endTime="2021-06-18T18:14:50.5960000+02:00" testType="13cdc9d9-ddb5-4fa4-a97d-d965ccfc6d4b" outcome="Passed" testListId="8c84fa94-04c1-424b-9868-57a2d4851a1d">
      <Output>
        <StdOut>Legend:
	L - Level
	WS - Working since [year]
	WF - Working for [in years]


Path     L    Name                      Position                             WS      WF  Salary $
-------------------------------------------------------------------------------------------------</StdOut>
      </Output>
    </UnitTestResult>
    <UnitTestResult executionId="f8337ce8-541b-438f-b13f-3aefac8bb492" testId="949a777a-6dcc-d287-735f-b9d28b2205fb" testName="FindEmployeeWithSubordinatesTest_NonExistingEmployee" computerName="MSSQLSERVER" duration="00:00:00.0024224" startTime="2021-06-18T18:14:50.5990000+02:00" endTime="2021-06-18T18:14:50.6040000+02:00" testType="13cdc9d9-ddb5-4fa4-a97d-d965ccfc6d4b" outcome="Passed" testListId="8c84fa94-04c1-424b-9868-57a2d4851a1d">
      <Output>
        <StdOut>Legend:
	L - Level
	WS - Working since [year]
	WF - Working for [in years]


Path     L    Name                      Position                             WS      WF  Salary $
-------------------------------------------------------------------------------------------------</StdOut>
      </Output>
    </UnitTestResult>
    <UnitTestResult executionId="1171b5f8-a788-431a-ab25-aad72a881001" testId="a3704cab-5d07-5363-053e-158f3665c4a3" testName="DisplayEmployeesWorkingForTest_ShouldHaveCount0" computerName="MSSQLSERVER" duration="00:00:00.0024296" startTime="2021-06-18T18:14:50.6070000+02:00" endTime="2021-06-18T18:14:50.6120000+02:00" testType="13cdc9d9-ddb5-4fa4-a97d-d965ccfc6d4b" outcome="Passed" testListId="8c84fa94-04c1-424b-9868-57a2d4851a1d">
      <Output>
        <StdOut>Displaying employees working for more than 20 years

Legend:
	L - Level
	WS - Working since [year]
	WF - Working for [in years]


Path     L    Name                      Position                             WS      WF  Salary $
-------------------------------------------------------------------------------------------------</StdOut>
      </Output>
    </UnitTestResult>
    <UnitTestResult executionId="cad78f1f-6578-42d7-8236-e0a58f7de88b" testId="af6cbc71-8fa2-5fe4-07e3-0e1a7174a482" testName="FindEmployeeTest_ExistingEmployee" computerName="MSSQLSERVER" duration="00:00:00.0025834" startTime="2021-06-18T18:14:50.6150000+02:00" endTime="2021-06-18T18:14:50.6200000+02:00" testType="13cdc9d9-ddb5-4fa4-a97d-d965ccfc6d4b" outcome="Passed" testListId="8c84fa94-04c1-424b-9868-57a2d4851a1d">
      <Output>
        <StdOut>Legend:
	L - Level
	WS - Working since [year]
	WF - Working for [in years]


Path     L    Name                      Position                             WS      WF  Salary $
-------------------------------------------------------------------------------------------------
/1/      1    Billie Eilish             Financial Manager                  2015       6      8000</StdOut>
      </Output>
    </UnitTestResult>
    <UnitTestResult executionId="8abd6dde-66b9-4c0d-98a5-81bb657e24c6" testId="b87028b3-ebd5-a96d-a962-481adeda8187" testName="FindEmployeeWithSubordinatesTest_ExistingEmployee" computerName="MSSQLSERVER" duration="00:00:00.0014401" startTime="2021-06-18T18:14:50.6230000+02:00" endTime="2021-06-18T18:14:50.6270000+02:00" testType="13cdc9d9-ddb5-4fa4-a97d-d965ccfc6d4b" outcome="Passed" testListId="8c84fa94-04c1-424b-9868-57a2d4851a1d">
      <Output>
        <StdOut>Legend:
	L - Level
	WS - Working since [year]
	WF - Working for [in years]


Path     L    Name                      Position                             WS      WF  Salary $
-------------------------------------------------------------------------------------------------
/4/      1    Ebba Tove Elsa Nilsson    Technical Manager                  2013       8      7000
/4/1/    2    Alma-Sofia Miettinen      Technical Senior Manager           2016       5      6000
/4/1/1/  3    Zara Maria Larsson        Technical Assistant Manager        2016       5      4000</StdOut>
      </Output>
    </UnitTestResult>
    <UnitTestResult executionId="ecb55b07-abf7-47a2-ac9a-cbc00f41a56d" testId="c3e63fa0-8c54-6e24-57db-8177c057d64c" testName="DisplayEmployeesWorkingForTest_ShouldHaveCount3" computerName="MSSQLSERVER" duration="00:00:00.0013171" startTime="2021-06-18T18:14:50.6300000+02:00" endTime="2021-06-18T18:14:50.6340000+02:00" testType="13cdc9d9-ddb5-4fa4-a97d-d965ccfc6d4b" outcome="Passed" testListId="8c84fa94-04c1-424b-9868-57a2d4851a1d">
      <Output>
        <StdOut>Displaying employees working for less than 6 years

Legend:
	L - Level
	WS - Working since [year]
	WF - Working for [in years]


Path     L    Name                      Position                             WS      WF  Salary $
-------------------------------------------------------------------------------------------------
/2/1/2/  3    Josh Taylor               HR Assistnant                      2018       3      2200
/4/1/    2    Alma-Sofia Miettinen      Technical Senior Manager           2016       5      6000
/4/1/1/  3    Zara Maria Larsson        Technical Assistant Manager        2016       5      4000</StdOut>
      </Output>
    </UnitTestResult>
    <UnitTestResult executionId="1be62ed1-41a4-4b8b-a2a6-656ef1cd3d6b" testId="cef19e69-ec75-e38e-edf0-18f16beed367" testName="DisplayStatisticsForPathTest" computerName="MSSQLSERVER" duration="00:00:00.0020458" startTime="2021-06-18T18:14:50.6360000+02:00" endTime="2021-06-18T18:14:50.6410000+02:00" testType="13cdc9d9-ddb5-4fa4-a97d-d965ccfc6d4b" outcome="Passed" testListId="8c84fa94-04c1-424b-9868-57a2d4851a1d">
      <Output>
      </Output>
    </UnitTestResult>
    <UnitTestResult executionId="f1dab18e-fdc9-4d33-ab29-b1b4d2daff98" testId="e820ed2a-e529-553a-c59c-2db869663514" testName="DisplayStatisticsForLevelTest" computerName="MSSQLSERVER" duration="00:00:00.0022646" startTime="2021-06-18T18:14:50.6440000+02:00" endTime="2021-06-18T18:14:50.6490000+02:00" testType="13cdc9d9-ddb5-4fa4-a97d-d965ccfc6d4b" outcome="Passed" testListId="8c84fa94-04c1-424b-9868-57a2d4851a1d">
      <Output>
      </Output>
    </UnitTestResult>
    <UnitTestResult executionId="ebf2bed2-51a8-4b86-8531-bf761a68b5cc" testId="ecd4b406-fd73-c07f-191b-e7d811ed80c2" testName="DisplayEmployeesWorkingForTest_ShouldHaveCount1" computerName="MSSQLSERVER" duration="00:00:00.0012903" startTime="2021-06-18T18:14:50.6510000+02:00" endTime="2021-06-18T18:14:50.6550000+02:00" testType="13cdc9d9-ddb5-4fa4-a97d-d965ccfc6d4b" outcome="Passed" testListId="8c84fa94-04c1-424b-9868-57a2d4851a1d">
      <Output>
        <StdOut>Displaying employees working for exactly 11 years

Legend:
	L - Level
	WS - Working since [year]
	WF - Working for [in years]


Path     L    Name                      Position                             WS      WF  Salary $
-------------------------------------------------------------------------------------------------
/2/      1    Tyler Joseph              HR Manager                         2010      11      7000</StdOut>
      </Output>
    </UnitTestResult>
  </Results>
</TestRun>